[19:56:53] [main/INFO]: Loading Minecraft 1.21.4 with Fabric Loader 0.16.12
[19:56:53] [main/INFO]: Loading 170 mods:
	- amplified_nether 1.2.7
	- appleskin 3.0.6+mc1.21.3
	- architectury 15.0.3
	- armor-hud 8.1.0.0
	- balm 21.4.24
	   \-- kuma_api 21.4.6
	- betteradvancements 0.4.6.36
	- bettervillage 3.3.0
	- bridgingmod 2.6.2+1.21.3
	- chunky 1.4.27
	- cicada 0.11.9+1.21.4
	- cloth-config 17.0.144
	   \-- cloth-basic-math 0.6.1
	- clumps 22.0.0.1
	- cobweb 1.3.3
	- collective 8.1
	- crawl 0.14.5
	- creativecore 2.12.35
	   \-- net_neoforged_bus 7.2.0
	- cristellib 2.0.2
	   \-- blue_endless_jankson 1.2.3
	- customizableelytra 2.2.8
	- diagonalfences 21.4.0
	   \-- diagonalblocks 21.4.0
	- distanthorizons 2.3.0-b
	   |-- fabric-key-binding-api-v1 1.0.55+7feeb73382
	   |-- fabric-rendering-v1 10.0.0+6a293bdb82
	   \-- fabric-screen-api-v1 2.0.36+7feeb73382
	- do_a_barrel_roll 3.8.1
	   \-- mixinsquared 0.1.2-beta.4
	- durabilitytooltip 1.1.5
	- easyanvils 21.4.1
	- easyelytratakeoff 4.5
	- easymagic 21.4.1
	- elytratrims 4.0.0-alpha.3
	- fabric-api 0.119.2+1.21.4
	   |-- fabric-api-base 0.4.54+b47eab6b04
	   |-- fabric-api-lookup-api-v1 1.6.86+b1caf1e904
	   |-- fabric-biome-api-v1 15.0.6+b1c29d8e04
	   |-- fabric-block-api-v1 1.0.31+7feeb73304
	   |-- fabric-block-view-api-v2 1.0.20+9c49cc8c04
	   |-- fabric-blockrenderlayer-v1 2.0.8+7feeb73304
	   |-- fabric-client-tags-api-v1 1.1.29+20ea1e2304
	   |-- fabric-command-api-v1 1.2.62+f71b366f04
	   |-- fabric-command-api-v2 2.2.41+e496eb1504
	   |-- fabric-commands-v0 0.2.79+df3654b304
	   |-- fabric-content-registries-v0 9.1.19+25d1a67604
	   |-- fabric-convention-tags-v1 2.1.20+7f945d5b04
	   |-- fabric-convention-tags-v2 2.14.1+1edcd29104
	   |-- fabric-crash-report-info-v1 0.3.6+7feeb73304
	   |-- fabric-data-attachment-api-v1 1.6.2+e99da0f704
	   |-- fabric-data-generation-api-v1 22.3.1+0f4e5f5504
	   |-- fabric-dimensions-v1 4.0.10+7feeb73304
	   |-- fabric-entity-events-v1 2.0.15+62245bef04
	   |-- fabric-events-interaction-v0 4.0.4+a4eebcf004
	   |-- fabric-game-rule-api-v1 1.0.63+7d48d43904
	   |-- fabric-item-api-v1 11.3.0+ee91fa1f04
	   |-- fabric-item-group-api-v1 4.2.2+fcb9601404
	   |-- fabric-key-binding-api-v1 1.0.57+7d48d43904
	   |-- fabric-keybindings-v0 0.2.55+df3654b304
	   |-- fabric-lifecycle-events-v1 2.5.4+bf2a60eb04
	   |-- fabric-loot-api-v2 3.0.38+3f89f5a504
	   |-- fabric-loot-api-v3 1.0.26+203e6b2304
	   |-- fabric-message-api-v1 6.0.25+7feeb73304
	   |-- fabric-model-loading-api-v1 4.3.0+ae23723504
	   |-- fabric-networking-api-v1 4.4.0+db5e668204
	   |-- fabric-object-builder-api-v1 18.0.14+38b0d59804
	   |-- fabric-particles-v1 4.0.14+7feeb73304
	   |-- fabric-recipe-api-v1 8.1.1+640e77ae04
	   |-- fabric-registry-sync-v0 6.1.11+4a9c1ece04
	   |-- fabric-renderer-api-v1 5.0.3+50f0feb204
	   |-- fabric-renderer-indigo 2.0.3+50f0feb204
	   |-- fabric-rendering-data-attachment-v1 0.3.58+73761d2e04
	   |-- fabric-rendering-fluids-v1 3.1.19+7feeb73304
	   |-- fabric-rendering-v1 10.2.1+0d31b09f04
	   |-- fabric-resource-conditions-api-v1 5.0.13+203e6b2304
	   |-- fabric-resource-loader-v0 3.1.1+360374ac04
	   |-- fabric-screen-api-v1 2.0.38+7feeb73304
	   |-- fabric-screen-handler-api-v1 1.3.118+7feeb73304
	   |-- fabric-sound-api-v1 1.0.32+7feeb73304
	   |-- fabric-tag-api-v1 1.0.7+7d48d43904
	   |-- fabric-transfer-api-v1 5.4.9+efa825c904
	   \-- fabric-transitive-access-wideners-v1 6.3.2+56e78b9b04
	- fabric-language-kotlin 1.13.2+kotlin.2.1.20
	   |-- org_jetbrains_kotlin_kotlin-reflect 2.1.20
	   |-- org_jetbrains_kotlin_kotlin-stdlib 2.1.20
	   |-- org_jetbrains_kotlin_kotlin-stdlib-jdk7 2.1.20
	   |-- org_jetbrains_kotlin_kotlin-stdlib-jdk8 2.1.20
	   |-- org_jetbrains_kotlinx_atomicfu-jvm 0.27.0
	   |-- org_jetbrains_kotlinx_kotlinx-coroutines-core-jvm 1.10.1
	   |-- org_jetbrains_kotlinx_kotlinx-coroutines-jdk8 1.10.1
	   |-- org_jetbrains_kotlinx_kotlinx-datetime-jvm 0.6.2
	   |-- org_jetbrains_kotlinx_kotlinx-io-bytestring-jvm 0.7.0
	   |-- org_jetbrains_kotlinx_kotlinx-io-core-jvm 0.7.0
	   |-- org_jetbrains_kotlinx_kotlinx-serialization-cbor-jvm 1.8.0
	   |-- org_jetbrains_kotlinx_kotlinx-serialization-core-jvm 1.8.0
	   \-- org_jetbrains_kotlinx_kotlinx-serialization-json-jvm 1.8.0
	- fabricloader 0.16.12
	   \-- mixinextras 0.4.1
	- fabrictailor 2.6.3
	   |-- config2brigadier 2.0.1
	   |    \-- fabric-permissions-api-v0 0.3.3
	   \-- fabric-permissions-api-v0 0.3.3
	- fallingtree 1.21.4.1
	- ferritecore 7.1.1
	- forgeconfigapiport 21.4.1
	   |-- com_electronwill_night-config_core 3.8.1
	   \-- com_electronwill_night-config_toml 3.8.1
	- formations 1.0.3
	- formationsoverworld 1.0.4
	- glitchcore 2.3.0.4
	   \-- net_jodah_typetools 0.6.3
	- incendium 5.4.3
	- jade 17.2.2+fabric
	- jamlib 1.3.2+1.21.4
	   \-- blue_endless_jankson 1.2.3
	- java 21
	- journeymap 1.21.4-6.0.0-beta.43
	   |-- ar_com_hjg_pngj 2.1.0
	   |-- commonnetworking 1.0.18-1.21.4
	   \-- journeymap-api-fabric 2.0.0-1.21.4-SNAPSHOT
	- justzoom 2.1.0
	   \-- mixinextras 0.4.1
	- konkrete 1.9.9
	- libraryferret 4.0.0
	- lithostitched 1.4.4
	- mcwdoors 1.1.2
	- mcwpaintings 1.0.5
	- mcwpaths 1.1.0
	- mcwtrpdoors 1.1.4
	- midnightlib 1.7.0
	- mine-spawners 1.5.1
	- minecraft 1.21.4
	- modernfix 5.20.3+mc1.21.4
	- mr_tidal_towns 1.3.4
	- mr_vanilla_backpacks 1.3.1.1
	- notenoughanimations 1.9.3
	- packedup 1.1.0+a
	- puzzleslib 21.4.13
	- pyrotechnic_elytra 1.0.1
	- repurposed_structures 7.5.15+1.21.4-fabric
	- rightclickharvest 4.5.3+1.21.4-patch.1
	- roughlyenoughitems 18.0.798
	   \-- error_notifier 1.0.11
	- sereneseasons 10.4.0.6
	   \-- net_jodah_typetools 0.6.3
	- skinlayers3d 1.7.5
	- supermartijn642configlib 1.1.8
	- supermartijn642corelib 1.1.18+a
	- t_and_t 1.13.5
	- tectonic 2.4.3
	- terralith 2.5.8
	- terrestria 7.2.1
	   |-- biolith 3.2.0
	   |-- terraform-biome-remapper-api-v1 13.0.0-beta.1
	   |-- terraform-config-api-v1 13.0.0-beta.1
	   |-- terraform-dirt-api-v1 13.0.0-beta.1
	   |-- terraform-shapes-api-v1 13.0.0-beta.1
	   |-- terraform-surfaces-api-v1 13.0.0-beta.1
	   |-- terraform-tree-api-v1 13.0.0-beta.1
	   |-- terraform-wood-api-v1 13.0.0-beta.1
	   |-- terrestria-client 7.2.1
	   |-- terrestria-common 7.2.1
	   \-- terrestria-worldgen 7.2.1
	- universal-graves 3.6.0+1.21.4
	   |-- common-protection-api 1.0.0
	   |-- fabric-permissions-api-v0 0.3.3
	   |-- placeholder-api 2.5.1+1.21.3
	   |-- polymer-core 0.11.0+1.21.4-rc1
	   |    |-- polymer-networking 0.11.0+1.21.4-rc1
	   |    |    \-- polymer-common 0.11.0+1.21.4-rc1
	   |    |         \-- packet_tweaker 0.6.0-pre.1+1.21.2-pre3
	   |    \-- polymer-registry-sync-manipulator 0.11.0+1.21.4-rc1
	   |-- polymer-resource-pack 0.11.0+1.21.4-rc1
	   |    \-- polymer-common 0.11.0+1.21.4-rc1
	   |         \-- packet_tweaker 0.6.0-pre.1+1.21.2-pre3
	   |-- polymer-virtual-entity 0.11.0+1.21.4-rc1
	   |    \-- polymer-common 0.11.0+1.21.4-rc1
	   |         \-- packet_tweaker 0.6.0-pre.1+1.21.2-pre3
	   |-- predicate-api 0.6.0+1.21.2
	   |-- server_translations_api 2.4.0+1.21.2-rc1
	   |    \-- packet_tweaker 0.6.0-pre.1+1.21.2-pre3
	   \-- sgui 1.8.0+1.21.4
	- waystones 21.4.10
	- weaponmaster_ydm 4.2.7
	- yet_another_config_lib_v3 3.6.6+1.21.4-fabric
	   |-- com_twelvemonkeys_common_common-image 3.12.0
	   |-- com_twelvemonkeys_common_common-io 3.12.0
	   |-- com_twelvemonkeys_common_common-lang 3.12.0
	   |-- com_twelvemonkeys_imageio_imageio-core 3.12.0
	   |-- com_twelvemonkeys_imageio_imageio-metadata 3.12.0
	   |-- com_twelvemonkeys_imageio_imageio-webp 3.12.0
	   |-- org_quiltmc_parsers_gson 0.2.1
	   \-- org_quiltmc_parsers_json 0.2.1
[19:56:54] [main/INFO]: SpongePowered MIXIN Subsystem Version=0.8.7 Source=file:/workspaces/ideal-colosus/servidor_minecraft/libraries/net/fabricmc/sponge-mixin/0.15.4+mixin.0.8.7/sponge-mixin-0.15.4+mixin.0.8.7.jar Service=Knot/Fabric Env=SERVER
[19:56:54] [main/INFO]: Compatibility level set to JAVA_21
[19:56:54] [main/WARN]: Reference map 'diagonalfences.common.refmap.json' for diagonalfences.common.mixins.json could not be read. If this is a development environment you can ignore this message
[19:56:54] [main/WARN]: Reference map 'diagonalfences.fabric.refmap.json' for diagonalfences.fabric.mixins.json could not be read. If this is a development environment you can ignore this message
[19:56:54] [main/WARN]: Reference map 'do_a_barrel_roll.refmap.json' for do_a_barrel_roll.mixins.json could not be read. If this is a development environment you can ignore this message
[19:56:54] [main/WARN]: Reference map 'do_a_barrel_roll.refmap.json' for do_a_barrel_roll.compat.modmenu.mixins.json could not be read. If this is a development environment you can ignore this message
[19:56:54] [main/WARN]: Reference map 'durabilitytooltip.mixins.refmap.json' for durabilitytooltip.mixins.json could not be read. If this is a development environment you can ignore this message
[19:56:54] [main/WARN]: Reference map 'forgeconfigapiport.common.refmap.json' for forgeconfigapiport.common.mixins.json could not be read. If this is a development environment you can ignore this message
[19:56:54] [main/WARN]: Reference map 'formationsoverworld.mixins.refmap.json' for formationsoverworld.mixins.json could not be read. If this is a development environment you can ignore this message
[19:56:54] [main/WARN]: Reference map 'journeymap-refmap.json' for journeymap.mixins.json could not be read. If this is a development environment you can ignore this message
[19:56:54] [main/WARN]: Reference map 'journeymap-refmap.json' for journeymap.fabric.mixins.json could not be read. If this is a development environment you can ignore this message
[19:56:54] [main/INFO]: Loaded configuration file for ModernFix 5.20.3+mc1.21.4: 54 options available, 0 override(s) found
[19:56:54] [main/INFO]: Applying Nashorn fix
[19:56:54] [main/WARN]: Reference map 'supermartijn642configlib.mixins.refmap.json' for supermartijn642configlib.mixins.json could not be read. If this is a development environment you can ignore this message
[19:56:54] [main/WARN]: Error loading class: net/minecraft/class_458 (java.lang.ClassNotFoundException: net/minecraft/class_458)
[19:56:54] [main/WARN]: @Mixin target net.minecraft.class_458 was not found crawl.client.mixins.json:ControlsScreenMixin from mod crawl
[19:56:54] [main/WARN]: Error loading class: net/minecraft/class_572 (java.lang.ClassNotFoundException: net/minecraft/class_572)
[19:56:54] [main/WARN]: @Mixin target net.minecraft.class_572 was not found crawl.client.mixins.json:HumanoidModelMixin from mod crawl
[19:56:54] [main/WARN]: Error loading class: net/minecraft/class_10034 (java.lang.ClassNotFoundException: net/minecraft/class_10034)
[19:56:54] [main/WARN]: @Mixin target net.minecraft.class_10034 was not found crawl.client.mixins.json:HumanoidRenderStateMixin from mod crawl
[19:56:54] [main/WARN]: Error loading class: net/minecraft/class_746 (java.lang.ClassNotFoundException: net/minecraft/class_746)
[19:56:54] [main/WARN]: @Mixin target net.minecraft.class_746 was not found crawl.client.mixins.json:LocalPlayerMixin from mod crawl
[19:56:54] [main/WARN]: Error loading class: net/minecraft/class_315 (java.lang.ClassNotFoundException: net/minecraft/class_315)
[19:56:54] [main/WARN]: @Mixin target net.minecraft.class_315 was not found crawl.client.mixins.json:OptionsMixin from mod crawl
[19:56:54] [main/WARN]: Error loading class: net/minecraft/class_1007 (java.lang.ClassNotFoundException: net/minecraft/class_1007)
[19:56:54] [main/WARN]: @Mixin target net.minecraft.class_1007 was not found crawl.client.mixins.json:PlayerRendererMixin from mod crawl
[19:56:54] [main/WARN]: Error loading class: dev/tr7zw/firstperson/LogicHandler (java.lang.ClassNotFoundException: dev/tr7zw/firstperson/LogicHandler)
[19:56:54] [main/WARN]: @Mixin target dev.tr7zw.firstperson.LogicHandler was not found crawl.compat.fpm.mixins.json:LogicHandlerMixin from mod crawl
[19:56:55] [main/WARN]: Error loading class: net/minecraft/class_938 (java.lang.ClassNotFoundException: net/minecraft/class_938)
[19:56:55] [main/WARN]: @Mixin target net.minecraft.class_938 was not found journeymap.mixins.json:client.SalmonRendererInvoker from mod journeymap
[19:56:55] [main/WARN]: Error loading class: com/simibubi/create/content/kinetics/base/BlockBreakingKineticBlockEntity (java.lang.ClassNotFoundException: com/simibubi/create/content/kinetics/base/BlockBreakingKineticBlockEntity)
[19:56:55] [main/WARN]: Error loading class: net/fabricmc/fabric/api/client/rendering/v1/EntityModelLayerRegistry$TexturedModelDataProvider (java.lang.ClassNotFoundException: net/fabricmc/fabric/api/client/rendering/v1/EntityModelLayerRegistry$TexturedModelDataProvider)
[19:56:55] [main/INFO]: Initializing MixinExtras via com.llamalad7.mixinextras.service.MixinExtrasServiceImpl(version=0.4.1).
[19:56:58] [main/WARN]: Static binding violation: PRIVATE @Overwrite method method_21740 in modernfix-common.mixins.json:perf.remove_biome_temperature_cache.BiomeMixin from mod modernfix cannot reduce visibiliy of PUBLIC target method, visibility will be upgraded.
[19:57:03] [main/INFO]: Vanilla bootstrap took 6728 milliseconds
[19:57:03] [main/INFO]: Hello Fabric world!
[19:57:03] [main/INFO]: Biolith for Fabric is initializing...
[19:57:03] [main/INFO]: Loading Collective version 8.1.
[19:57:03] [main/INFO]: Constructing common components for diagonalblocks:main
[19:57:03] [main/INFO]: Constructing common components for diagonalfences:main
[19:57:03] [main/INFO]: Constructing shapes for DiagonalFenceBlock[NodeWidth=2.0,ExtensionWidth=2.0,NodeTop=24.0,ExtensionBottom=0.0,ExtensionTop=24.0] took 169ms
[19:57:04] [main/INFO]: Constructing shapes for DiagonalFenceBlock[NodeWidth=2.0,ExtensionWidth=2.0,NodeTop=16.0,ExtensionBottom=0.0,ExtensionTop=16.0] took 56ms
[19:57:04] [Cicada thread 0/INFO]: [cicada] Hello, anyone there?
[19:57:04] [Cicada thread 0/INFO]: [do_a_barrel_roll] I'm here, ready to rumble!
[19:57:04] [main/INFO]: Constructing shapes for DiagonalFenceBlock[NodeWidth=2.0,ExtensionWidth=1.0,NodeTop=16.0,ExtensionBottom=6.0,ExtensionTop=15.0] took 77ms
[19:57:04] [main/INFO]: Constructing common components for easyanvils:main
[19:57:04] [main/INFO]: Dispatching loading event for config easyanvils-common.toml
[19:57:04] [main/INFO]: Constructing common components for easymagic:main
[19:57:04] [main/INFO]: Dispatching loading event for config easymagic-common.toml
[19:57:04] [main/INFO]: Registered synced config with path sereneseasons/fertility.toml
[19:57:04] [main/INFO]: Registered synced config with path sereneseasons/seasons.toml
[19:57:04] [main/INFO]: Initializing JamLib on Fabric
[19:57:04] [main/INFO]: Initializing ServerSide Packet Registries
[19:57:04] [main/WARN]: [JUST ZOOM] Disabling 'Just Zoom' since it's a client-side mod and current environment is server!
[19:57:04] [main/INFO]: [KONKRETE] Loading v1.9.9 in server-side mode on FABRIC!
[19:57:04] [main/INFO]: ---------------------------
[19:57:04] [main/INFO]: KONKRETE SHIPS AND USES THE FOLLOWING LIBRARIES:
[19:57:04] [main/INFO]:  
[19:57:04] [main/INFO]: Open Imaging Copyright © 2014 Dhyan Blum.
[19:57:04] [main/INFO]: Open Imaging is licensed under Apache-2.0.
[19:57:04] [main/INFO]:  
[19:57:04] [main/INFO]: JsonPath Copyright © 2017 Jayway.
[19:57:04] [main/INFO]: JsonPath is licensed under Apache-2.0.
[19:57:04] [main/INFO]:  
[19:57:04] [main/INFO]: Json-smart Copyright © netplex.
[19:57:04] [main/INFO]: Json-smart is licensed under Apache-2.0.
[19:57:04] [main/INFO]:  
[19:57:04] [main/INFO]: Exp4j Copyright © Frank Asseg.
[19:57:04] [main/INFO]: Exp4j is licensed under Apache-2.0. https://github.com/fasseg/exp4j
[19:57:04] [main/INFO]: ---------------------------
[19:57:04] [main/INFO]: [KONKRETE] Server-side modules initialized and ready to use!
[19:57:04] [main/INFO]: Initialize mod Library Ferret
[19:57:04] [main/INFO]: Initialized mod Library Ferret
[19:57:05] [main/INFO]: Constructing common components for puzzleslib:main
[19:57:05] [main/INFO]: Updated config file at /workspaces/ideal-colosus/servidor_minecraft/config/rightclickharvest.json5
[19:57:05] [main/INFO]: Initializing Right Click Harvest on FABRIC
[19:57:05] [main/INFO]: Registering C2S receiver with id roughlyenoughitems:request_tags_c2s
[19:57:05] [main/INFO]: [REI] Registered plugin provider DefaultPlugin [roughlyenoughitems] for REICommonPlugin
[19:57:05] [main/INFO]: [REI] Registered plugin provider DefaultRuntimePlugin [roughlyenoughitems] for REICommonPlugin
[19:57:05] [main/INFO]: [REI] Registered plugin provider FabricFluidAPISupportPlugin for REICommonPlugin
[19:57:05] [main/INFO]: Registering C2S receiver with id roughlyenoughitems:delete_item
[19:57:05] [main/INFO]: Registering C2S receiver with id roughlyenoughitems:create_item
[19:57:05] [main/INFO]: Registering C2S receiver with id roughlyenoughitems:create_item_grab
[19:57:05] [main/INFO]: Registering C2S receiver with id roughlyenoughitems:create_item_hotbar
[19:57:05] [main/INFO]: Registering C2S receiver with id roughlyenoughitems:move_items_new
[19:57:06] [main/INFO]: Enabling Terrestria's Biolith worldgen module.
[19:57:06] [main/INFO]: [STDOUT]: Initialize WeaponMaster
[19:57:06] [main/INFO]: Initializing Distant Horizons server.
[19:57:06] [main/INFO]: Distant Horizons, Version: 2.3.0-b
[19:57:06] [main/INFO]: Registering Fabric Server Events
[19:57:06] [main/INFO]: Distant Horizons server Initialized.
[19:57:06] [main/INFO]: Environment: Environment[sessionHost=https://sessionserver.mojang.com, servicesHost=https://api.minecraftservices.com, name=PROD]
[19:57:06] [main/INFO]: Found new data pack amplified_nether, loading it automatically
[19:57:06] [main/INFO]: Found new data pack balm, loading it automatically
[19:57:06] [main/INFO]: Found new data pack bettervillage, loading it automatically
[19:57:06] [main/INFO]: Found new data pack collective, loading it automatically
[19:57:06] [main/INFO]: Found new data pack config2brigadier, loading it automatically
[19:57:06] [main/INFO]: Found new data pack customizableelytra, loading it automatically
[19:57:06] [main/INFO]: Found new data pack diagonalblocks, loading it automatically
[19:57:06] [main/INFO]: Found new data pack easyanvils, loading it automatically
[19:57:06] [main/INFO]: Found new data pack easymagic, loading it automatically
[19:57:06] [main/INFO]: Found new data pack elytratrims, loading it automatically
[19:57:06] [main/INFO]: Found new data pack fabric, loading it automatically
[19:57:06] [main/INFO]: Found new data pack fabric-convention-tags-v2, loading it automatically
[19:57:06] [main/INFO]: Found new data pack fabrictailor, loading it automatically
[19:57:06] [main/INFO]: Found new data pack formationsoverworld, loading it automatically
[19:57:06] [main/INFO]: Found new data pack incendium, loading it automatically
[19:57:06] [main/INFO]: Found new data pack libraryferret, loading it automatically
[19:57:06] [main/INFO]: Found new data pack lithostitched, loading it automatically
[19:57:06] [main/INFO]: Found new data pack mcwdoors, loading it automatically
[19:57:06] [main/INFO]: Found new data pack mcwpaintings, loading it automatically
[19:57:06] [main/INFO]: Found new data pack mcwpaths, loading it automatically
[19:57:06] [main/INFO]: Found new data pack mcwtrpdoors, loading it automatically
[19:57:06] [main/INFO]: Found new data pack mine-spawners, loading it automatically
[19:57:06] [main/INFO]: Found new data pack mr_tidal_towns, loading it automatically
[19:57:06] [main/INFO]: Found new data pack mr_vanilla_backpacks, loading it automatically
[19:57:06] [main/INFO]: Found new data pack packedup, loading it automatically
[19:57:06] [main/INFO]: Found new data pack repurposed_structures, loading it automatically
[19:57:06] [main/INFO]: Found new data pack rightclickharvest, loading it automatically
[19:57:06] [main/INFO]: Found new data pack sereneseasons, loading it automatically
[19:57:06] [main/INFO]: Found new data pack server_translations_api, loading it automatically
[19:57:06] [main/INFO]: Found new data pack supermartijn642corelib, loading it automatically
[19:57:06] [main/INFO]: Found new data pack t_and_t, loading it automatically
[19:57:06] [main/INFO]: Found new data pack t_and_t:resources/t_and_t_waystones_patch, loading it automatically
[19:57:06] [main/INFO]: Found new data pack tectonic:tectonic, loading it automatically
[19:57:06] [main/INFO]: Found new data pack terralith, loading it automatically
[19:57:06] [main/INFO]: Found new data pack terrestria-common, loading it automatically
[19:57:06] [main/INFO]: Found new data pack universal-graves, loading it automatically
[19:57:06] [main/INFO]: Found new data pack waystones, loading it automatically
[19:57:07] [main/INFO]: Collected 0 data resources in 79.009573ms:

[19:57:08] [main/INFO]: StructureSet modified for minecraft:village : Now using custom village configuration (can be disabled in the better villages config: boolean.villages.enabled_custom_config).
[19:57:08] [main/INFO]: No existing world data, creating new world
[19:57:10] [main/INFO]: Loaded 2519 recipes
[19:57:10] [main/INFO]: Loaded 2064 advancements
[19:57:10] [ForkJoinPool.commonPool-worker-1/INFO]: Loaded 77 translation keys
[19:57:10] [main/WARN]: Recipe packedup:diamond_from_silver can't be placed due to empty ingredients and will be ignored
[19:57:10] [main/WARN]: Recipe packedup:silver_from_copper can't be placed due to empty ingredients and will be ignored
[19:57:10] [main/WARN]: Recipe packedup:silver_from_iron can't be placed due to empty ingredients and will be ignored
[19:57:10] [main/INFO]: Applied 510 biome modifications to 168 of 188 new biomes in 25.77 ms
[19:57:10] [Server thread/INFO]: Dispatching loading event for config easyanvils-server.toml
[19:57:10] [Server thread/INFO]: Dispatching loading event for config easymagic-server.toml
[19:57:10] [Server thread/INFO]: Initialising config for DistantHorizons
[19:57:11] [Server thread/INFO]: Config for DistantHorizons initialised
[19:57:11] [Server thread/INFO]: Post-Initializing Mod
[19:57:11] [Server thread/INFO]: Mod Post-Initialized
[19:57:11] [Server thread/INFO]: Checking for Distant Horizons update
[19:57:11] [Server thread/INFO]: New version (2.3.2-b) of Distant Horizons is available
[19:57:11] [Server thread/INFO]: Download link: https://cdn.modrinth.com/data/uCdwusMi/versions/94McsAoL/DistantHorizons-neoforge-fabric-2.3.2-b-1.21.4.jar
[19:57:11] [Server thread/INFO]: Dedicated server initialized at 
[19:57:11] [Server thread/INFO]: Started [DhServerWorld] of type [SERVER_ONLY].
[19:57:11] [Server thread/INFO]: Starting minecraft server version 1.21.4
[19:57:11] [Server thread/INFO]: Loading properties
[19:57:11] [Server thread/INFO]: Default game type: SURVIVAL
[19:57:11] [Server thread/INFO]: Generating keypair
[19:57:11] [Server thread/INFO]: Starting Minecraft server on *:25565
[19:57:11] [Server thread/INFO]: Using epoll channel type
[19:57:12] [Server thread/WARN]: **** SERVER IS RUNNING IN OFFLINE/INSECURE MODE!
[19:57:12] [Server thread/WARN]: The server will make no attempt to authenticate usernames. Beware.
[19:57:12] [Server thread/WARN]: While this makes the game possible to play without internet access, it also opens up the ability for hackers to connect with any username they choose.
[19:57:12] [Server thread/WARN]: To change this, set "online-mode" to "true" in the server.properties file.
[19:57:12] [Server thread/INFO]: Preparing level "world"
[19:57:12] [Server thread/INFO]: Running SQL update script: [sqlScripts/0010-sqlite-createInitialDataTables.sql], for repo: [./world/data/DistantHorizons.sqlite]
[19:57:12] [Server thread/INFO]: Running SQL update script: [sqlScripts/0020-sqlite-createFullDataSourceV2Tables.sql], for repo: [./world/data/DistantHorizons.sqlite]
[19:57:12] [Server thread/INFO]: Running SQL update script: [sqlScripts/0030-sqlite-changeTableJournaling.sql], for repo: [./world/data/DistantHorizons.sqlite]
[19:57:12] [Server thread/INFO]: Running SQL update script: [sqlScripts/0031-sqlite-useSqliteWalJournaling.sql], for repo: [./world/data/DistantHorizons.sqlite]
[19:57:12] [Server thread/INFO]: Running SQL update script: [sqlScripts/0040-sqlite-removeRenderCache.sql], for repo: [./world/data/DistantHorizons.sqlite]
[19:57:12] [Server thread/INFO]: Running SQL update script: [sqlScripts/0050-sqlite-addApplyToParentIndex.sql], for repo: [./world/data/DistantHorizons.sqlite]
[19:57:12] [Server thread/INFO]: Running SQL update script: [sqlScripts/0060-sqlite-createChunkHashTable.sql], for repo: [./world/data/DistantHorizons.sqlite]
[19:57:12] [Server thread/INFO]: Running SQL update script: [sqlScripts/0070-sqlite-createBeaconBeamTable.sql], for repo: [./world/data/DistantHorizons.sqlite]
[19:57:13] [Server thread/INFO]: Running SQL update script: [sqlScripts/0080-sqlite-addApplyToChildrenColumn.sql], for repo: [./world/data/DistantHorizons.sqlite]
[19:57:13] [DH-Full Data Migration Thread[0]/INFO]: Attempting to migrate data sources for: [minecraft:overworld]-[./world/data]...
[19:57:13] [DH-Full Data Migration Thread[0]/INFO]: Found [0] data sources that need migration.
[19:57:13] [DH-Full Data Migration Thread[0]/INFO]: No migration necessary.
[19:57:13] [Server thread/INFO]: Started DhServerLevel for [Wrapped{ServerLevel[world]@minecraft:overworld}] at [[LocalSaveStructure@(./world/data)]].
[19:57:14] [DH-ApplyConfigPresetTimer/INFO]: changing preset to: BALANCED
[19:57:14] [DH-ApplyConfigPresetTimer/INFO]: changing preset to: MEDIUM
[19:57:14] [DH-ApplyConfigPresetTimer/INFO]: preset active: MEDIUM
[19:57:14] [DH-ApplyConfigPresetTimer/INFO]: preset active: BALANCED
[19:57:28] [Server thread/INFO]: Running SQL update script: [sqlScripts/0010-sqlite-createInitialDataTables.sql], for repo: [./world/DIM1/data/DistantHorizons.sqlite]
[19:57:28] [Server thread/INFO]: Running SQL update script: [sqlScripts/0020-sqlite-createFullDataSourceV2Tables.sql], for repo: [./world/DIM1/data/DistantHorizons.sqlite]
[19:57:28] [Server thread/INFO]: Running SQL update script: [sqlScripts/0030-sqlite-changeTableJournaling.sql], for repo: [./world/DIM1/data/DistantHorizons.sqlite]
[19:57:28] [Server thread/INFO]: Running SQL update script: [sqlScripts/0031-sqlite-useSqliteWalJournaling.sql], for repo: [./world/DIM1/data/DistantHorizons.sqlite]
[19:57:28] [Server thread/INFO]: Running SQL update script: [sqlScripts/0040-sqlite-removeRenderCache.sql], for repo: [./world/DIM1/data/DistantHorizons.sqlite]
[19:57:28] [Server thread/INFO]: Running SQL update script: [sqlScripts/0050-sqlite-addApplyToParentIndex.sql], for repo: [./world/DIM1/data/DistantHorizons.sqlite]
[19:57:28] [Server thread/INFO]: Running SQL update script: [sqlScripts/0060-sqlite-createChunkHashTable.sql], for repo: [./world/DIM1/data/DistantHorizons.sqlite]
[19:57:28] [Server thread/INFO]: Running SQL update script: [sqlScripts/0070-sqlite-createBeaconBeamTable.sql], for repo: [./world/DIM1/data/DistantHorizons.sqlite]
[19:57:28] [Server thread/INFO]: Running SQL update script: [sqlScripts/0080-sqlite-addApplyToChildrenColumn.sql], for repo: [./world/DIM1/data/DistantHorizons.sqlite]
[19:57:28] [DH-Full Data Migration Thread[0]/INFO]: Attempting to migrate data sources for: [minecraft:the_end]-[./world/DIM1/data]...
[19:57:28] [DH-Full Data Migration Thread[0]/INFO]: Found [0] data sources that need migration.
[19:57:28] [DH-Full Data Migration Thread[0]/INFO]: No migration necessary.
[19:57:28] [Server thread/INFO]: Started DhServerLevel for [Wrapped{ServerLevel[world]@minecraft:the_end}] at [[LocalSaveStructure@(./world/data;./world/DIM1/data)]].
[19:57:28] [Server thread/INFO]: Running SQL update script: [sqlScripts/0010-sqlite-createInitialDataTables.sql], for repo: [./world/DIM-1/data/DistantHorizons.sqlite]
[19:57:28] [Server thread/INFO]: Running SQL update script: [sqlScripts/0020-sqlite-createFullDataSourceV2Tables.sql], for repo: [./world/DIM-1/data/DistantHorizons.sqlite]
[19:57:28] [Server thread/INFO]: Running SQL update script: [sqlScripts/0030-sqlite-changeTableJournaling.sql], for repo: [./world/DIM-1/data/DistantHorizons.sqlite]
[19:57:28] [Server thread/INFO]: Running SQL update script: [sqlScripts/0031-sqlite-useSqliteWalJournaling.sql], for repo: [./world/DIM-1/data/DistantHorizons.sqlite]
[19:57:28] [Server thread/INFO]: Running SQL update script: [sqlScripts/0040-sqlite-removeRenderCache.sql], for repo: [./world/DIM-1/data/DistantHorizons.sqlite]
[19:57:28] [Server thread/INFO]: Running SQL update script: [sqlScripts/0050-sqlite-addApplyToParentIndex.sql], for repo: [./world/DIM-1/data/DistantHorizons.sqlite]
[19:57:28] [Server thread/INFO]: Running SQL update script: [sqlScripts/0060-sqlite-createChunkHashTable.sql], for repo: [./world/DIM-1/data/DistantHorizons.sqlite]
[19:57:28] [Server thread/INFO]: Running SQL update script: [sqlScripts/0070-sqlite-createBeaconBeamTable.sql], for repo: [./world/DIM-1/data/DistantHorizons.sqlite]
[19:57:28] [Server thread/INFO]: Running SQL update script: [sqlScripts/0080-sqlite-addApplyToChildrenColumn.sql], for repo: [./world/DIM-1/data/DistantHorizons.sqlite]
[19:57:28] [DH-Full Data Migration Thread[0]/INFO]: Attempting to migrate data sources for: [minecraft:the_nether]-[./world/DIM-1/data]...
[19:57:28] [DH-Full Data Migration Thread[0]/INFO]: Found [0] data sources that need migration.
[19:57:28] [DH-Full Data Migration Thread[0]/INFO]: No migration necessary.
[19:57:28] [Server thread/INFO]: Started DhServerLevel for [Wrapped{ServerLevel[world]@minecraft:the_nether}] at [[LocalSaveStructure@(./world/data;./world/DIM1/data;./world/DIM-1/data)]].
[19:57:28] [Server thread/INFO]: Preparing start region for dimension minecraft:overworld
[19:57:28] [Worker-Main-1/INFO]: Preparing spawn area: 2%
[19:57:29] [Worker-Main-3/INFO]: Preparing spawn area: 2%
[19:57:29] [Worker-Main-2/INFO]: Preparing spawn area: 2%
[19:57:30] [Worker-Main-2/INFO]: Preparing spawn area: 2%
[19:57:30] [Worker-Main-2/INFO]: Preparing spawn area: 2%
[19:57:31] [Worker-Main-2/INFO]: Preparing spawn area: 2%
[19:57:31] [Worker-Main-3/INFO]: Preparing spawn area: 18%
[19:57:32] [Worker-Main-2/INFO]: Preparing spawn area: 18%
[19:57:32] [Worker-Main-2/INFO]: Preparing spawn area: 18%
[19:57:33] [Worker-Main-2/INFO]: Preparing spawn area: 18%
[19:57:34] [Worker-Main-2/INFO]: Preparing spawn area: 34%
[19:57:34] [Worker-Main-2/INFO]: Preparing spawn area: 34%
[19:57:34] [Worker-Main-1/INFO]: Preparing spawn area: 34%
[19:57:35] [Worker-Main-2/INFO]: Preparing spawn area: 51%
[19:57:35] [Worker-Main-2/INFO]: Preparing spawn area: 51%
[19:57:36] [Worker-Main-1/INFO]: Preparing spawn area: 51%
[19:57:36] [Worker-Main-2/INFO]: Preparing spawn area: 51%
[19:57:37] [Server thread/INFO]: Time elapsed: 8402 ms
[19:57:37] [Server thread/INFO]: Done (25.167s)! For help, type "help"
[19:57:37] [Server thread/WARN]: Dedicated server took 44.503 seconds to load
[19:57:37] [Server thread/INFO]: [REI] @@@@@@@@@@@@@@@@@@@@@@@@@@@@@@@@@@@@@@@@
[19:57:37] [Server thread/INFO]: [REI] REICommonPlugin starting main-reload for START.
[19:57:37] [Server thread/INFO]: [REI] Plugins (3):
[19:57:37] [Server thread/INFO]: [REI]  - (-100.00) DefaultPlugin of DefaultPlugin [roughlyenoughitems]
[19:57:37] [Server thread/INFO]: [REI]  - (0.00) FabricFluidAPISupportPlugin
[19:57:37] [Server thread/INFO]: [REI]  - (0.00) DefaultRuntimePlugin of DefaultRuntimePlugin [roughlyenoughitems]
[19:57:37] [Server thread/INFO]: [REI] @@@@@@@@@@@@@@@@@@@@@@@@@@@@@@@@@@@@@@@@
[19:57:37] [Server thread/INFO]: [REI] REICommonPlugin finished post-reload for START in 1.893 ms, totaling 76.66 ms.
[19:57:37] [Server thread/INFO]: [REI] ----------------------------------------
[19:57:37] [Server thread/INFO]: [REI] REICommonPlugin starting main-reload for END.
[19:57:37] [Server thread/INFO]: [REI] Plugins (3):
[19:57:37] [Server thread/INFO]: [REI]  - (-100.00) DefaultPlugin of DefaultPlugin [roughlyenoughitems]
[19:57:37] [Server thread/INFO]: [REI]  - (0.00) FabricFluidAPISupportPlugin
[19:57:37] [Server thread/INFO]: [REI]  - (0.00) DefaultRuntimePlugin of DefaultRuntimePlugin [roughlyenoughitems]
[19:57:37] [Server thread/INFO]: [REI] ----------------------------------------
[19:57:37] [Server thread/INFO]: [REI] REICommonPlugin finished post-reload for END in 982.9 μs, totaling 105.4 ms.
[19:57:37] [Server thread/INFO]: Start loading plugin from Balm: net.blay09.mods.balm.fabric.compat.hudinfo.FabricJadeModCompat
[19:57:37] [Server thread/INFO]: Start loading plugin from Jade: snownee.jade.addon.core.CorePlugin
[19:57:37] [Server thread/INFO]: Start loading plugin from Jade: snownee.jade.addon.vanilla.VanillaPlugin
[19:57:37] [Server thread/INFO]: Start loading plugin from Jade: snownee.jade.addon.universal.UniversalPlugin
[19:57:37] [Server thread/INFO]: Start loading plugin from Jade: snownee.jade.addon.access.AccessibilityPlugin
[19:57:37] [Server thread/INFO]: Start loading plugin from Jade: snownee.jade.addon.debug.DebugPlugin
[19:57:37] [Server thread/INFO]: Start loading plugin from Polymer (Core): eu.pb4.polymer.core.impl.client.compat.JadeCompatibility
[19:57:37] [Server thread/INFO]: Start loading plugin from Waystones: net.blay09.mods.waystones.compat.JadeIntegration
[19:57:37] [Server thread/INFO]: Loaded null for service interface journeymap.api.services.WebMapService
[19:57:37] [Server thread/INFO]: Loaded journeymap.common.helpers.FabricClientHooks@63a5e472 for service interface journeymap.api.services.ClientPlatformService
[19:57:37] [Server thread/INFO]: Loaded journeymap.common.helpers.FabricHooks@19cb71b9 for service interface journeymap.api.services.CommonPlatformService
[19:57:43] [Server thread/INFO]: DH TerraFirmaCraft detection: false
[19:57:43] [Server thread/INFO]: ================WORLD_GEN_STEP_INITING=============
[19:57:43] [Server thread/INFO]: Batch Chunk Generator initialized
[19:57:43] [Server thread/INFO]: Creating world gen queue
[19:57:43] [Server thread/INFO]: Created world gen queue
[19:57:43] [Server thread/INFO]: Set world gen queue for level [minecraft:overworld].
[19:57:43] [Server thread/INFO]: ================WORLD_GEN_STEP_INITING=============
[19:57:43] [Server thread/INFO]: Batch Chunk Generator initialized
[19:57:43] [Server thread/INFO]: Creating world gen queue
[19:57:43] [Server thread/INFO]: Created world gen queue
[19:57:43] [Server thread/INFO]: Set world gen queue for level [minecraft:the_end].
[19:57:43] [Server thread/INFO]: ================WORLD_GEN_STEP_INITING=============
[19:57:43] [Server thread/INFO]: Batch Chunk Generator initialized
[19:57:43] [Server thread/INFO]: Creating world gen queue
[19:57:43] [Server thread/INFO]: Created world gen queue
[19:57:43] [Server thread/INFO]: Set world gen queue for level [minecraft:the_nether].
[19:57:46] [Server thread/WARN]: Can't keep up! Is the server overloaded? Running 9708ms or 194 ticks behind
[19:58:46] [Server thread/INFO]: Server empty for 60 seconds, pausing
[20:05:58] [Server thread/INFO]: SrLipord[/127.213.134.114:40653] logged in with entity id 16 at (-8.5, 75.0, 471.5)
[20:05:58] [Server thread/INFO]: Player [SrLipord] joined.
[20:05:58] [Server thread/INFO]: SrLipord joined the game
[20:05:59] [Server thread/INFO]: [do_a_barrel_roll] Client of SrLipord accepted server config.
[20:06:05] [Server thread/WARN]: Can't keep up! Is the server overloaded? Running 3271ms or 65 ticks behind
[20:06:07] [Server thread/INFO]: [SrLipord: Set own game mode to Creative Mode]
[20:06:09] [DH-PriorityTaskPicker Thread[3]/INFO]: WorldGen requiring minecraft:structure_references outside expected range detected. Force passing EMPTY chunk and seeing if it works.
[20:07:01] [Server thread/WARN]: Can't keep up! Is the server overloaded? Running 3196ms or 63 ticks behind
