[19:57:05] [main/INFO] ========================================
[19:57:05] [main/INFO] Minecraft: 1.21.4
[19:57:05] [main/INFO] Side: server
[19:57:05] [main/INFO] Development: false
[19:57:05] [main/INFO] Version: 18.0.798
[19:57:05] [main/INFO] Loader:
[19:57:05] [main/INFO] - Fabric: 0.16.12
[19:57:05] [main/INFO] - Fabric API: 0.119.2+1.21.4
[19:57:05] [main/INFO] Dependencies:
[19:57:05] [main/INFO] - Cloth Config: 17.0.144
[19:57:05] [main/INFO] - Architectury: 15.0.3
[19:57:05] [main/INFO] Mixin: 0.8.7
[19:57:05] [main/INFO] OS: Linux 6.8.0-1021-azure (amd64)
[19:57:05] [main/INFO] Java: 21.0.6 (Ubuntu)
[19:57:05] [main/INFO] ========================================
[19:57:05] [main/INFO] Mods:
[19:57:05] [main/INFO] - amplified_nether: 1.2.7
[19:57:05] [main/INFO] - appleskin: 3.0.6+mc1.21.3
[19:57:05] [main/INFO] - ar_com_hjg_pngj: 2.1.0
[19:57:05] [main/INFO] - architectury: 15.0.3
[19:57:05] [main/INFO] - armor-hud: 8.1.0.0
[19:57:05] [main/INFO] - balm: 21.4.24
[19:57:05] [main/INFO] - betteradvancements: 0.4.6.36
[19:57:05] [main/INFO] - bettervillage: 3.3.0
[19:57:05] [main/INFO] - biolith: 3.2.0
[19:57:05] [main/INFO] - blue_endless_jankson: 1.2.3
[19:57:05] [main/INFO] - bridgingmod: 2.6.2+1.21.3
[19:57:05] [main/INFO] - chunky: 1.4.27
[19:57:05] [main/INFO] - cicada: 0.11.9+1.21.4
[19:57:05] [main/INFO] - cloth-basic-math: 0.6.1
[19:57:05] [main/INFO] - cloth-config: 17.0.144
[19:57:05] [main/INFO] - cloth-config: 17.0.144
[19:57:05] [main/INFO] - clumps: 22.0.0.1
[19:57:05] [main/INFO] - cobweb: 1.3.3
[19:57:05] [main/INFO] - collective: 8.1
[19:57:05] [main/INFO] - com_electronwill_night-config_core: 3.8.1
[19:57:05] [main/INFO] - com_electronwill_night-config_toml: 3.8.1
[19:57:05] [main/INFO] - com_twelvemonkeys_common_common-image: 3.12.0
[19:57:05] [main/INFO] - com_twelvemonkeys_common_common-io: 3.12.0
[19:57:05] [main/INFO] - com_twelvemonkeys_common_common-lang: 3.12.0
[19:57:05] [main/INFO] - com_twelvemonkeys_imageio_imageio-core: 3.12.0
[19:57:05] [main/INFO] - com_twelvemonkeys_imageio_imageio-metadata: 3.12.0
[19:57:05] [main/INFO] - com_twelvemonkeys_imageio_imageio-webp: 3.12.0
[19:57:05] [main/INFO] - common-protection-api: 1.0.0
[19:57:05] [main/INFO] - commonnetworking: 1.0.18-1.21.4
[19:57:05] [main/INFO] - config2brigadier: 2.0.1
[19:57:05] [main/INFO] - crawl: 0.14.5
[19:57:05] [main/INFO] - creativecore: 2.12.35
[19:57:05] [main/INFO] - cristellib: 2.0.2
[19:57:05] [main/INFO] - customizableelytra: 2.2.8
[19:57:05] [main/INFO] - diagonalblocks: 21.4.0
[19:57:05] [main/INFO] - diagonalfences: 21.4.0
[19:57:05] [main/INFO] - distanthorizons: 2.3.0-b
[19:57:05] [main/INFO] - do_a_barrel_roll: 3.8.1
[19:57:05] [main/INFO] - durabilitytooltip: 1.1.5
[19:57:05] [main/INFO] - easyanvils: 21.4.1
[19:57:05] [main/INFO] - easyelytratakeoff: 4.5
[19:57:05] [main/INFO] - easymagic: 21.4.1
[19:57:05] [main/INFO] - elytratrims: 4.0.0-alpha.3
[19:57:05] [main/INFO] - error_notifier: 1.0.11
[19:57:05] [main/INFO] - fabric-api: 0.119.2+1.21.4
[19:57:05] [main/INFO] - fabric-api: 0.119.2+1.21.4
[19:57:05] [main/INFO] - fabric-api-base: 0.4.54+b47eab6b04
[19:57:05] [main/INFO] - fabric-api-lookup-api-v1: 1.6.86+b1caf1e904
[19:57:05] [main/INFO] - fabric-biome-api-v1: 15.0.6+b1c29d8e04
[19:57:05] [main/INFO] - fabric-block-api-v1: 1.0.31+7feeb73304
[19:57:05] [main/INFO] - fabric-block-view-api-v2: 1.0.20+9c49cc8c04
[19:57:05] [main/INFO] - fabric-command-api-v1: 1.2.62+f71b366f04
[19:57:05] [main/INFO] - fabric-command-api-v2: 2.2.41+e496eb1504
[19:57:05] [main/INFO] - fabric-commands-v0: 0.2.79+df3654b304
[19:57:05] [main/INFO] - fabric-content-registries-v0: 9.1.19+25d1a67604
[19:57:05] [main/INFO] - fabric-convention-tags-v1: 2.1.20+7f945d5b04
[19:57:05] [main/INFO] - fabric-convention-tags-v2: 2.14.1+1edcd29104
[19:57:05] [main/INFO] - fabric-crash-report-info-v1: 0.3.6+7feeb73304
[19:57:05] [main/INFO] - fabric-data-attachment-api-v1: 1.6.2+e99da0f704
[19:57:05] [main/INFO] - fabric-data-generation-api-v1: 22.3.1+0f4e5f5504
[19:57:05] [main/INFO] - fabric-dimensions-v1: 4.0.10+7feeb73304
[19:57:05] [main/INFO] - fabric-entity-events-v1: 2.0.15+62245bef04
[19:57:05] [main/INFO] - fabric-events-interaction-v0: 4.0.4+a4eebcf004
[19:57:05] [main/INFO] - fabric-game-rule-api-v1: 1.0.63+7d48d43904
[19:57:05] [main/INFO] - fabric-item-api-v1: 11.3.0+ee91fa1f04
[19:57:05] [main/INFO] - fabric-item-group-api-v1: 4.2.2+fcb9601404
[19:57:05] [main/INFO] - fabric-language-kotlin: 1.13.2+kotlin.2.1.20
[19:57:05] [main/INFO] - fabric-lifecycle-events-v1: 2.5.4+bf2a60eb04
[19:57:05] [main/INFO] - fabric-loot-api-v2: 3.0.38+3f89f5a504
[19:57:05] [main/INFO] - fabric-loot-api-v3: 1.0.26+203e6b2304
[19:57:05] [main/INFO] - fabric-message-api-v1: 6.0.25+7feeb73304
[19:57:05] [main/INFO] - fabric-networking-api-v1: 4.4.0+db5e668204
[19:57:05] [main/INFO] - fabric-object-builder-api-v1: 18.0.14+38b0d59804
[19:57:05] [main/INFO] - fabric-particles-v1: 4.0.14+7feeb73304
[19:57:05] [main/INFO] - fabric-permissions-api-v0: 0.3.3
[19:57:05] [main/INFO] - fabric-recipe-api-v1: 8.1.1+640e77ae04
[19:57:05] [main/INFO] - fabric-registry-sync-v0: 6.1.11+4a9c1ece04
[19:57:05] [main/INFO] - fabric-rendering-data-attachment-v1: 0.3.58+73761d2e04
[19:57:05] [main/INFO] - fabric-rendering-fluids-v1: 3.1.19+7feeb73304
[19:57:05] [main/INFO] - fabric-resource-conditions-api-v1: 5.0.13+203e6b2304
[19:57:05] [main/INFO] - fabric-resource-loader-v0: 3.1.1+360374ac04
[19:57:05] [main/INFO] - fabric-screen-handler-api-v1: 1.3.118+7feeb73304
[19:57:05] [main/INFO] - fabric-tag-api-v1: 1.0.7+7d48d43904
[19:57:05] [main/INFO] - fabric-transfer-api-v1: 5.4.9+efa825c904
[19:57:05] [main/INFO] - fabric-transitive-access-wideners-v1: 6.3.2+56e78b9b04
[19:57:05] [main/INFO] - fabricloader: 0.16.12
[19:57:05] [main/INFO] - fabrictailor: 2.6.3
[19:57:05] [main/INFO] - fallingtree: 1.21.4.1
[19:57:05] [main/INFO] - ferritecore: 7.1.1
[19:57:05] [main/INFO] - forgeconfigapiport: 21.4.1
[19:57:05] [main/INFO] - formations: 1.0.3
[19:57:05] [main/INFO] - formationsoverworld: 1.0.4
[19:57:05] [main/INFO] - glitchcore: 2.3.0.4
[19:57:05] [main/INFO] - incendium: 5.4.3
[19:57:05] [main/INFO] - jade: 17.2.2+fabric
[19:57:05] [main/INFO] - jamlib: 1.3.2+1.21.4
[19:57:05] [main/INFO] - java: 21
[19:57:05] [main/INFO] - journeymap: 1.21.4-6.0.0-beta.43
[19:57:05] [main/INFO] - journeymap-api-fabric: 2.0.0-1.21.4-SNAPSHOT
[19:57:05] [main/INFO] - justzoom: 2.1.0
[19:57:05] [main/INFO] - konkrete: 1.9.9
[19:57:05] [main/INFO] - kuma_api: 21.4.6
[19:57:05] [main/INFO] - libraryferret: 4.0.0
[19:57:05] [main/INFO] - lithostitched: 1.4.4
[19:57:05] [main/INFO] - mcwdoors: 1.1.2
[19:57:05] [main/INFO] - mcwpaintings: 1.0.5
[19:57:05] [main/INFO] - mcwpaths: 1.1.0
[19:57:05] [main/INFO] - mcwtrpdoors: 1.1.4
[19:57:05] [main/INFO] - midnightlib: 1.7.0
[19:57:05] [main/INFO] - mine-spawners: 1.5.1
[19:57:05] [main/INFO] - minecraft: 1.21.4
[19:57:05] [main/INFO] - mixinextras: 0.4.1
[19:57:05] [main/INFO] - mixinsquared: 0.1.2-beta.4
[19:57:05] [main/INFO] - modernfix: 5.20.3+mc1.21.4
[19:57:05] [main/INFO] - mr_tidal_towns: 1.3.4
[19:57:05] [main/INFO] - mr_vanilla_backpacks: 1.3.1.1
[19:57:05] [main/INFO] - net_jodah_typetools: 0.6.3
[19:57:05] [main/INFO] - net_neoforged_bus: 7.2.0
[19:57:05] [main/INFO] - notenoughanimations: 1.9.3
[19:57:05] [main/INFO] - org_jetbrains_kotlin_kotlin-reflect: 2.1.20
[19:57:05] [main/INFO] - org_jetbrains_kotlin_kotlin-stdlib: 2.1.20
[19:57:05] [main/INFO] - org_jetbrains_kotlin_kotlin-stdlib-jdk7: 2.1.20
[19:57:05] [main/INFO] - org_jetbrains_kotlin_kotlin-stdlib-jdk8: 2.1.20
[19:57:05] [main/INFO] - org_jetbrains_kotlinx_atomicfu-jvm: 0.27.0
[19:57:05] [main/INFO] - org_jetbrains_kotlinx_kotlinx-coroutines-core-jvm: 1.10.1
[19:57:05] [main/INFO] - org_jetbrains_kotlinx_kotlinx-coroutines-jdk8: 1.10.1
[19:57:05] [main/INFO] - org_jetbrains_kotlinx_kotlinx-datetime-jvm: 0.6.2
[19:57:05] [main/INFO] - org_jetbrains_kotlinx_kotlinx-io-bytestring-jvm: 0.7.0
[19:57:05] [main/INFO] - org_jetbrains_kotlinx_kotlinx-io-core-jvm: 0.7.0
[19:57:05] [main/INFO] - org_jetbrains_kotlinx_kotlinx-serialization-cbor-jvm: 1.8.0
[19:57:05] [main/INFO] - org_jetbrains_kotlinx_kotlinx-serialization-core-jvm: 1.8.0
[19:57:05] [main/INFO] - org_jetbrains_kotlinx_kotlinx-serialization-json-jvm: 1.8.0
[19:57:05] [main/INFO] - org_quiltmc_parsers_gson: 0.2.1
[19:57:05] [main/INFO] - org_quiltmc_parsers_json: 0.2.1
[19:57:05] [main/INFO] - packedup: 1.1.0+a
[19:57:05] [main/INFO] - packet_tweaker: 0.6.0-pre.1+1.21.2-pre3
[19:57:05] [main/INFO] - placeholder-api: 2.5.1+1.21.3
[19:57:05] [main/INFO] - polymer-common: 0.11.0+1.21.4-rc1
[19:57:05] [main/INFO] - polymer-core: 0.11.0+1.21.4-rc1
[19:57:05] [main/INFO] - polymer-networking: 0.11.0+1.21.4-rc1
[19:57:05] [main/INFO] - polymer-registry-sync-manipulator: 0.11.0+1.21.4-rc1
[19:57:05] [main/INFO] - polymer-resource-pack: 0.11.0+1.21.4-rc1
[19:57:05] [main/INFO] - polymer-virtual-entity: 0.11.0+1.21.4-rc1
[19:57:05] [main/INFO] - predicate-api: 0.6.0+1.21.2
[19:57:05] [main/INFO] - puzzleslib: 21.4.13
[19:57:05] [main/INFO] - pyrotechnic_elytra: 1.0.1
[19:57:05] [main/INFO] - repurposed_structures: 7.5.15+1.21.4-fabric
[19:57:05] [main/INFO] - rightclickharvest: 4.5.3+1.21.4-patch.1
[19:57:05] [main/INFO] - roughlyenoughitems: 18.0.798
[19:57:05] [main/INFO] - sereneseasons: 10.4.0.6
[19:57:05] [main/INFO] - server_translations_api: 2.4.0+1.21.2-rc1
[19:57:05] [main/INFO] - sgui: 1.8.0+1.21.4
[19:57:05] [main/INFO] - skinlayers3d: 1.7.5
[19:57:05] [main/INFO] - supermartijn642configlib: 1.1.8
[19:57:05] [main/INFO] - supermartijn642corelib: 1.1.18+a
[19:57:05] [main/INFO] - t_and_t: 1.13.5
[19:57:05] [main/INFO] - tectonic: 2.4.3
[19:57:05] [main/INFO] - terraform-biome-remapper-api-v1: 13.0.0-beta.1
[19:57:05] [main/INFO] - terraform-config-api-v1: 13.0.0-beta.1
[19:57:05] [main/INFO] - terraform-dirt-api-v1: 13.0.0-beta.1
[19:57:05] [main/INFO] - terraform-shapes-api-v1: 13.0.0-beta.1
[19:57:05] [main/INFO] - terraform-surfaces-api-v1: 13.0.0-beta.1
[19:57:05] [main/INFO] - terraform-tree-api-v1: 13.0.0-beta.1
[19:57:05] [main/INFO] - terraform-wood-api-v1: 13.0.0-beta.1
[19:57:05] [main/INFO] - terralith: 2.5.8
[19:57:05] [main/INFO] - terrestria: 7.2.1
[19:57:05] [main/INFO] - terrestria-common: 7.2.1
[19:57:05] [main/INFO] - terrestria-worldgen: 7.2.1
[19:57:05] [main/INFO] - universal-graves: 3.6.0+1.21.4
[19:57:05] [main/INFO] - waystones: 21.4.10
[19:57:05] [main/INFO] - weaponmaster_ydm: 4.2.7
[19:57:05] [main/INFO] - yet_another_config_lib_v3: 3.6.6+1.21.4-fabric
[19:57:05] [main/INFO] ========================================
[19:57:05] [main/INFO] [REI] Registered plugin provider DefaultPlugin [roughlyenoughitems] for REICommonPlugin
[19:57:05] [main/INFO] [REI] Registered plugin provider DefaultRuntimePlugin [roughlyenoughitems] for REICommonPlugin
[19:57:05] [main/INFO] [REI] Registered plugin provider FabricFluidAPISupportPlugin for REICommonPlugin
[19:57:07] [main/DEBUG] [REI] Processed 5 tags in 500.8 μs for minecraft:fluid
[19:57:07] [main/DEBUG] [REI] Processed 505 tags in 3.932 ms for minecraft:item
[19:57:07] [main/DEBUG] [REI] Processed 432 tags in 3.449 ms for minecraft:block
[19:57:07] [main/DEBUG] [REI] Processed 2 tags in 12.22 μs for minecraft:cat_variant
[19:57:07] [main/DEBUG] [REI] Processed 3 tags in 14.58 μs for minecraft:point_of_interest_type
[19:57:07] [main/DEBUG] [REI] Processed 50 tags in 180.2 μs for minecraft:entity_type
[19:57:07] [main/DEBUG] [REI] Processed 5 tags in 54.75 μs for minecraft:game_event
[19:57:37] [Server thread/DEBUG] [REI] Starting Reload Plugins of stage null
java.lang.Throwable
	at knot//me.shedaniel.rei.impl.common.plugins.ReloadManagerImpl.reloadPlugins(ReloadManagerImpl.java:110)
	at knot//me.shedaniel.rei.RoughlyEnoughItemsCore.lambda$onInitialize$4(RoughlyEnoughItemsCore.java:153)
	at knot//dev.architectury.event.fabric.EventHandlerImpl.lambda$registerCommon$10(EventHandlerImpl.java:67)
	at knot//net.fabricmc.fabric.api.event.lifecycle.v1.ServerLifecycleEvents.lambda$static$2(ServerLifecycleEvents.java:49)
	at knot//net.minecraft.server.MinecraftServer.handler$zmk000$fabric-lifecycle-events-v1$afterSetupServer(MinecraftServer.java:4704)
	at knot//net.minecraft.server.MinecraftServer.method_29741(MinecraftServer.java:682)
	at knot//net.minecraft.server.MinecraftServer.method_29739(MinecraftServer.java:292)
	at java.base/java.lang.Thread.run(Thread.java:1583)
[19:57:37] [Server thread/DEBUG] [REI] ========================================
[19:57:37] [Server thread/DEBUG] [REI] REICommonPlugin starting pre-reload for START.
[19:57:37] [Server thread/DEBUG] [REI] Reloadables (8):
[19:57:37] [Server thread/DEBUG] [REI]  - SlotAccessorRegistryImpl
[19:57:37] [Server thread/DEBUG] [REI]  - EntryTypeRegistryImpl
[19:57:37] [Server thread/DEBUG] [REI]  - EntrySettingsAdapterRegistryImpl
[19:57:37] [Server thread/DEBUG] [REI]  - ItemComparatorRegistryImpl
[19:57:37] [Server thread/DEBUG] [REI]  - FluidComparatorRegistryImpl
[19:57:37] [Server thread/DEBUG] [REI]  - DisplaySerializerRegistryImpl
[19:57:37] [Server thread/DEBUG] [REI]  - ServerDisplayRegistryImpl
[19:57:37] [Server thread/DEBUG] [REI]  - FluidSupportProviderImpl
[19:57:37] [Server thread/DEBUG] [REI] Plugins (3):
[19:57:37] [Server thread/DEBUG] [REI]  - (-100.00) DefaultPlugin of DefaultPlugin [roughlyenoughitems]
[19:57:37] [Server thread/DEBUG] [REI]  - (0.00) FabricFluidAPISupportPlugin
[19:57:37] [Server thread/DEBUG] [REI]  - (0.00) DefaultRuntimePlugin of DefaultRuntimePlugin [roughlyenoughitems]
[19:57:37] [Server thread/DEBUG] [REI] ========================================
[19:57:37] [Server thread/TRACE] [REI] [REICommonPlugin START] Reloading Section: "pre-register/"
[19:57:37] [Server thread/TRACE] [REI] [REICommonPlugin START] Reloading Section: "pre-register/DefaultPlugin of DefaultPlugin [roughlyenoughitems]/"
[19:57:37] [Server thread/TRACE] [REI] [REICommonPlugin START] Reloading Section: "pre-register/DefaultPlugin of DefaultPlugin [roughlyenoughitems]/" done in 708.9 μs
[19:57:37] [Server thread/TRACE] [REI] [REICommonPlugin START] Reloading Section: "pre-register/FabricFluidAPISupportPlugin/"
[19:57:37] [Server thread/TRACE] [REI] [REICommonPlugin START] Reloading Section: "pre-register/FabricFluidAPISupportPlugin/" done in 242.0 μs
[19:57:37] [Server thread/TRACE] [REI] [REICommonPlugin START] Reloading Section: "pre-register/DefaultRuntimePlugin of DefaultRuntimePlugin [roughlyenoughitems]/"
[19:57:37] [Server thread/TRACE] [REI] [REICommonPlugin START] Reloading Section: "pre-register/DefaultRuntimePlugin of DefaultRuntimePlugin [roughlyenoughitems]/" done in 138.6 μs
[19:57:37] [Server thread/TRACE] [REI] [REICommonPlugin START] Reloading Section: "pre-register/" done in 7.095 ms
[19:57:37] [Server thread/TRACE] [REI] [REICommonPlugin START] Reloading Section: "pre-stage/"
[19:57:37] [Server thread/TRACE] [REI] [REICommonPlugin START] Reloading Section: "pre-stage/SlotAccessorRegistryImpl/"
[19:57:37] [Server thread/TRACE] [REI] [REICommonPlugin START] Reloading Section: "pre-stage/SlotAccessorRegistryImpl/" done in 294.4 μs
[19:57:37] [Server thread/TRACE] [REI] [REICommonPlugin START] Reloading Section: "pre-stage/EntryTypeRegistryImpl/"
[19:57:37] [Server thread/TRACE] [REI] [REICommonPlugin START] Reloading Section: "pre-stage/EntryTypeRegistryImpl/" done in 130.2 μs
[19:57:37] [Server thread/TRACE] [REI] [REICommonPlugin START] Reloading Section: "pre-stage/EntrySettingsAdapterRegistryImpl/"
[19:57:37] [Server thread/TRACE] [REI] [REICommonPlugin START] Reloading Section: "pre-stage/EntrySettingsAdapterRegistryImpl/" done in 150.4 μs
[19:57:37] [Server thread/TRACE] [REI] [REICommonPlugin START] Reloading Section: "pre-stage/ItemComparatorRegistryImpl/"
[19:57:37] [Server thread/TRACE] [REI] [REICommonPlugin START] Reloading Section: "pre-stage/ItemComparatorRegistryImpl/" done in 122.5 μs
[19:57:37] [Server thread/TRACE] [REI] [REICommonPlugin START] Reloading Section: "pre-stage/FluidComparatorRegistryImpl/"
[19:57:37] [Server thread/TRACE] [REI] [REICommonPlugin START] Reloading Section: "pre-stage/FluidComparatorRegistryImpl/" done in 139.6 μs
[19:57:37] [Server thread/TRACE] [REI] [REICommonPlugin START] Reloading Section: "pre-stage/DisplaySerializerRegistryImpl/"
[19:57:37] [Server thread/TRACE] [REI] [REICommonPlugin START] Reloading Section: "pre-stage/DisplaySerializerRegistryImpl/" done in 57.73 μs
[19:57:37] [Server thread/TRACE] [REI] [REICommonPlugin START] Reloading Section: "pre-stage/ServerDisplayRegistryImpl/"
[19:57:37] [Server thread/TRACE] [REI] [REICommonPlugin START] Reloading Section: "pre-stage/ServerDisplayRegistryImpl/" done in 190.2 μs
[19:57:37] [Server thread/TRACE] [REI] [REICommonPlugin START] Reloading Section: "pre-stage/FluidSupportProviderImpl/"
[19:57:37] [Server thread/TRACE] [REI] [REICommonPlugin START] Reloading Section: "pre-stage/FluidSupportProviderImpl/" done in 74.13 μs
[19:57:37] [Server thread/TRACE] [REI] [REICommonPlugin START] Reloading Section: "pre-stage/" done in 2.951 ms
[19:57:37] [Server thread/DEBUG] [REI] ========================================
[19:57:37] [Server thread/DEBUG] [REI] REICommonPlugin finished pre-reload for START in 10.73 ms.
[19:57:37] [Server thread/DEBUG] [REI] ========================================
[19:57:37] [Server thread/INFO] [REI] @@@@@@@@@@@@@@@@@@@@@@@@@@@@@@@@@@@@@@@@
[19:57:37] [Server thread/INFO] [REI] REICommonPlugin starting main-reload for START.
[19:57:37] [Server thread/DEBUG] [REI] Reloadables (8):
[19:57:37] [Server thread/DEBUG] [REI]  - SlotAccessorRegistryImpl
[19:57:37] [Server thread/DEBUG] [REI]  - EntryTypeRegistryImpl
[19:57:37] [Server thread/DEBUG] [REI]  - EntrySettingsAdapterRegistryImpl
[19:57:37] [Server thread/DEBUG] [REI]  - ItemComparatorRegistryImpl
[19:57:37] [Server thread/DEBUG] [REI]  - FluidComparatorRegistryImpl
[19:57:37] [Server thread/DEBUG] [REI]  - DisplaySerializerRegistryImpl
[19:57:37] [Server thread/DEBUG] [REI]  - ServerDisplayRegistryImpl
[19:57:37] [Server thread/DEBUG] [REI]  - FluidSupportProviderImpl
[19:57:37] [Server thread/INFO] [REI] Plugins (3):
[19:57:37] [Server thread/INFO] [REI]  - (-100.00) DefaultPlugin of DefaultPlugin [roughlyenoughitems]
[19:57:37] [Server thread/INFO] [REI]  - (0.00) FabricFluidAPISupportPlugin
[19:57:37] [Server thread/INFO] [REI]  - (0.00) DefaultRuntimePlugin of DefaultRuntimePlugin [roughlyenoughitems]
[19:57:37] [Server thread/INFO] [REI] @@@@@@@@@@@@@@@@@@@@@@@@@@@@@@@@@@@@@@@@
[19:57:37] [Server thread/TRACE] [REI] [REICommonPlugin START] Reloading Section: "start-reload/"
[19:57:37] [Server thread/TRACE] [REI] [REICommonPlugin START] Reloading Section: "start-reload/SlotAccessorRegistryImpl/"
[19:57:37] [Server thread/TRACE] [REI] [REICommonPlugin START] Reloading Section: "start-reload/SlotAccessorRegistryImpl/" done in 177.5 μs
[19:57:37] [Server thread/TRACE] [REI] [REICommonPlugin START] Reloading Section: "start-reload/EntryTypeRegistryImpl/"
[19:57:37] [Server thread/TRACE] [REI] [REICommonPlugin START] Reloading Section: "start-reload/EntryTypeRegistryImpl/" done in 176.8 μs
[19:57:37] [Server thread/TRACE] [REI] [REICommonPlugin START] Reloading Section: "start-reload/EntrySettingsAdapterRegistryImpl/"
[19:57:37] [Server thread/TRACE] [REI] [REICommonPlugin START] Reloading Section: "start-reload/EntrySettingsAdapterRegistryImpl/" done in 126.5 μs
[19:57:37] [Server thread/TRACE] [REI] [REICommonPlugin START] Reloading Section: "start-reload/ItemComparatorRegistryImpl/"
[19:57:37] [Server thread/TRACE] [REI] [REICommonPlugin START] Reloading Section: "start-reload/ItemComparatorRegistryImpl/" done in 160.5 μs
[19:57:37] [Server thread/TRACE] [REI] [REICommonPlugin START] Reloading Section: "start-reload/FluidComparatorRegistryImpl/"
[19:57:37] [Server thread/TRACE] [REI] [REICommonPlugin START] Reloading Section: "start-reload/FluidComparatorRegistryImpl/" done in 116.1 μs
[19:57:37] [Server thread/TRACE] [REI] [REICommonPlugin START] Reloading Section: "start-reload/DisplaySerializerRegistryImpl/"
[19:57:37] [Server thread/TRACE] [REI] [REICommonPlugin START] Reloading Section: "start-reload/DisplaySerializerRegistryImpl/" done in 145.9 μs
[19:57:37] [Server thread/TRACE] [REI] [REICommonPlugin START] Reloading Section: "start-reload/ServerDisplayRegistryImpl/"
[19:57:37] [Server thread/TRACE] [REI] [REICommonPlugin START] Reloading Section: "start-reload/ServerDisplayRegistryImpl/" done in 109.9 μs
[19:57:37] [Server thread/TRACE] [REI] [REICommonPlugin START] Reloading Section: "start-reload/FluidSupportProviderImpl/"
[19:57:37] [Server thread/TRACE] [REI] [REICommonPlugin START] Reloading Section: "start-reload/FluidSupportProviderImpl/" done in 125.9 μs
[19:57:37] [Server thread/TRACE] [REI] [REICommonPlugin START] Reloading Section: "start-reload/" done in 2.884 ms
[19:57:37] [Server thread/DEBUG] [REI] ========================================
[19:57:37] [Server thread/DEBUG] [REI] REICommonPlugin started main-reload for START.
[19:57:37] [Server thread/DEBUG] [REI] ========================================
[19:57:37] [Server thread/TRACE] [REI] [REICommonPlugin START] Reloading Section: "reloadable-plugin/SlotAccessorRegistryImpl/"
[19:57:37] [Server thread/TRACE] [REI] [REICommonPlugin START] Reloading Section: "reloadable-plugin/SlotAccessorRegistryImpl/DefaultPlugin of DefaultPlugin [roughlyenoughitems]/"
[19:57:37] [Server thread/TRACE] [REI] [REICommonPlugin START] Reloading Section: "reloadable-plugin/SlotAccessorRegistryImpl/DefaultPlugin of DefaultPlugin [roughlyenoughitems]/" done in 294.0 μs
[19:57:37] [Server thread/TRACE] [REI] [REICommonPlugin START] Reloading Section: "reloadable-plugin/SlotAccessorRegistryImpl/FabricFluidAPISupportPlugin/"
[19:57:37] [Server thread/TRACE] [REI] [REICommonPlugin START] Reloading Section: "reloadable-plugin/SlotAccessorRegistryImpl/FabricFluidAPISupportPlugin/" done in 120.3 μs
[19:57:37] [Server thread/TRACE] [REI] [REICommonPlugin START] Reloading Section: "reloadable-plugin/SlotAccessorRegistryImpl/DefaultRuntimePlugin of DefaultRuntimePlugin [roughlyenoughitems]/"
[19:57:37] [Server thread/TRACE] [REI] [REICommonPlugin START] Reloading Section: "reloadable-plugin/SlotAccessorRegistryImpl/DefaultRuntimePlugin of DefaultRuntimePlugin [roughlyenoughitems]/" done in 144.6 μs
[19:57:37] [Server thread/TRACE] [REI] [REICommonPlugin START] Reloading Section: "reloadable-plugin/SlotAccessorRegistryImpl/" done in 1.709 ms
[19:57:37] [Server thread/TRACE] [REI] [REICommonPlugin START] Reloading Section: "reloadable-plugin/EntryTypeRegistryImpl/"
[19:57:37] [Server thread/TRACE] [REI] [REICommonPlugin START] Reloading Section: "reloadable-plugin/EntryTypeRegistryImpl/DefaultPlugin of DefaultPlugin [roughlyenoughitems]/"
[19:57:37] [Server thread/TRACE] [REI] [REICommonPlugin START] Reloading Section: "reloadable-plugin/EntryTypeRegistryImpl/DefaultPlugin of DefaultPlugin [roughlyenoughitems]/" done in 104.8 μs
[19:57:37] [Server thread/TRACE] [REI] [REICommonPlugin START] Reloading Section: "reloadable-plugin/EntryTypeRegistryImpl/FabricFluidAPISupportPlugin/"
[19:57:37] [Server thread/TRACE] [REI] [REICommonPlugin START] Reloading Section: "reloadable-plugin/EntryTypeRegistryImpl/FabricFluidAPISupportPlugin/" done in 147.2 μs
[19:57:37] [Server thread/TRACE] [REI] [REICommonPlugin START] Reloading Section: "reloadable-plugin/EntryTypeRegistryImpl/DefaultRuntimePlugin of DefaultRuntimePlugin [roughlyenoughitems]/"
[19:57:37] [Server thread/TRACE] [REI] [REICommonPlugin START] Reloading Section: "reloadable-plugin/EntryTypeRegistryImpl/DefaultRuntimePlugin of DefaultRuntimePlugin [roughlyenoughitems]/" done in 4.503 ms
[19:57:37] [Server thread/TRACE] [REI] [REICommonPlugin START] Reloading Section: "reloadable-plugin/EntryTypeRegistryImpl/" done in 5.512 ms
[19:57:37] [Server thread/TRACE] [REI] [REICommonPlugin START] Reloading Section: "reloadable-plugin/EntrySettingsAdapterRegistryImpl/"
[19:57:37] [Server thread/TRACE] [REI] [REICommonPlugin START] Reloading Section: "reloadable-plugin/EntrySettingsAdapterRegistryImpl/DefaultPlugin of DefaultPlugin [roughlyenoughitems]/"
[19:57:37] [Server thread/TRACE] [REI] [REICommonPlugin START] Reloading Section: "reloadable-plugin/EntrySettingsAdapterRegistryImpl/DefaultPlugin of DefaultPlugin [roughlyenoughitems]/" done in 52.52 μs
[19:57:37] [Server thread/TRACE] [REI] [REICommonPlugin START] Reloading Section: "reloadable-plugin/EntrySettingsAdapterRegistryImpl/FabricFluidAPISupportPlugin/"
[19:57:37] [Server thread/TRACE] [REI] [REICommonPlugin START] Reloading Section: "reloadable-plugin/EntrySettingsAdapterRegistryImpl/FabricFluidAPISupportPlugin/" done in 74.78 μs
[19:57:37] [Server thread/TRACE] [REI] [REICommonPlugin START] Reloading Section: "reloadable-plugin/EntrySettingsAdapterRegistryImpl/DefaultRuntimePlugin of DefaultRuntimePlugin [roughlyenoughitems]/"
[19:57:37] [Server thread/TRACE] [REI] [REICommonPlugin START] Reloading Section: "reloadable-plugin/EntrySettingsAdapterRegistryImpl/DefaultRuntimePlugin of DefaultRuntimePlugin [roughlyenoughitems]/" done in 69.58 μs
[19:57:37] [Server thread/TRACE] [REI] [REICommonPlugin START] Reloading Section: "reloadable-plugin/EntrySettingsAdapterRegistryImpl/" done in 911.3 μs
[19:57:37] [Server thread/TRACE] [REI] [REICommonPlugin START] Reloading Section: "reloadable-plugin/ItemComparatorRegistryImpl/"
[19:57:37] [Server thread/TRACE] [REI] [REICommonPlugin START] Reloading Section: "reloadable-plugin/ItemComparatorRegistryImpl/DefaultPlugin of DefaultPlugin [roughlyenoughitems]/"
[19:57:37] [Server thread/TRACE] [REI] [REICommonPlugin START] Reloading Section: "reloadable-plugin/ItemComparatorRegistryImpl/DefaultPlugin of DefaultPlugin [roughlyenoughitems]/" done in 752.5 μs
[19:57:37] [Server thread/TRACE] [REI] [REICommonPlugin START] Reloading Section: "reloadable-plugin/ItemComparatorRegistryImpl/FabricFluidAPISupportPlugin/"
[19:57:37] [Server thread/TRACE] [REI] [REICommonPlugin START] Reloading Section: "reloadable-plugin/ItemComparatorRegistryImpl/FabricFluidAPISupportPlugin/" done in 43.86 μs
[19:57:37] [Server thread/TRACE] [REI] [REICommonPlugin START] Reloading Section: "reloadable-plugin/ItemComparatorRegistryImpl/DefaultRuntimePlugin of DefaultRuntimePlugin [roughlyenoughitems]/"
[19:57:37] [Server thread/TRACE] [REI] [REICommonPlugin START] Reloading Section: "reloadable-plugin/ItemComparatorRegistryImpl/DefaultRuntimePlugin of DefaultRuntimePlugin [roughlyenoughitems]/" done in 34.61 μs
[19:57:37] [Server thread/TRACE] [REI] [REICommonPlugin START] Reloading Section: "reloadable-plugin/ItemComparatorRegistryImpl/" done in 1.230 ms
[19:57:37] [Server thread/TRACE] [REI] [REICommonPlugin START] Reloading Section: "reloadable-plugin/FluidComparatorRegistryImpl/"
[19:57:37] [Server thread/TRACE] [REI] [REICommonPlugin START] Reloading Section: "reloadable-plugin/FluidComparatorRegistryImpl/DefaultPlugin of DefaultPlugin [roughlyenoughitems]/"
[19:57:37] [Server thread/TRACE] [REI] [REICommonPlugin START] Reloading Section: "reloadable-plugin/FluidComparatorRegistryImpl/DefaultPlugin of DefaultPlugin [roughlyenoughitems]/" done in 152.6 μs
[19:57:37] [Server thread/TRACE] [REI] [REICommonPlugin START] Reloading Section: "reloadable-plugin/FluidComparatorRegistryImpl/FabricFluidAPISupportPlugin/"
[19:57:37] [Server thread/TRACE] [REI] [REICommonPlugin START] Reloading Section: "reloadable-plugin/FluidComparatorRegistryImpl/FabricFluidAPISupportPlugin/" done in 50.50 μs
[19:57:37] [Server thread/TRACE] [REI] [REICommonPlugin START] Reloading Section: "reloadable-plugin/FluidComparatorRegistryImpl/DefaultRuntimePlugin of DefaultRuntimePlugin [roughlyenoughitems]/"
[19:57:37] [Server thread/TRACE] [REI] [REICommonPlugin START] Reloading Section: "reloadable-plugin/FluidComparatorRegistryImpl/DefaultRuntimePlugin of DefaultRuntimePlugin [roughlyenoughitems]/" done in 45.35 μs
[19:57:37] [Server thread/TRACE] [REI] [REICommonPlugin START] Reloading Section: "reloadable-plugin/FluidComparatorRegistryImpl/" done in 736.6 μs
[19:57:37] [Server thread/TRACE] [REI] [REICommonPlugin START] Reloading Section: "reloadable-plugin/DisplaySerializerRegistryImpl/"
[19:57:37] [Server thread/TRACE] [REI] [REICommonPlugin START] Reloading Section: "reloadable-plugin/DisplaySerializerRegistryImpl/DefaultPlugin of DefaultPlugin [roughlyenoughitems]/"
[19:57:37] [Server thread/DEBUG] [REI] Added display serializer [minecraft:client/crafting/shaped] me.shedaniel.rei.api.common.display.DisplaySerializer$1@19163816
[19:57:37] [Server thread/DEBUG] [REI] Added display serializer [minecraft:client/crafting/shapeless] me.shedaniel.rei.api.common.display.DisplaySerializer$1@410f02f
[19:57:37] [Server thread/DEBUG] [REI] Added display serializer [minecraft:client/smelting] me.shedaniel.rei.api.common.display.DisplaySerializer$1@37aa2e6d
[19:57:37] [Server thread/DEBUG] [REI] Added display serializer [minecraft:client/smoking] me.shedaniel.rei.api.common.display.DisplaySerializer$1@5f5c5706
[19:57:37] [Server thread/DEBUG] [REI] Added display serializer [minecraft:client/blasting] me.shedaniel.rei.api.common.display.DisplaySerializer$1@62f9209a
[19:57:37] [Server thread/DEBUG] [REI] Added display serializer [minecraft:default/crafting/shaped] me.shedaniel.rei.api.common.display.DisplaySerializer$1@5f0363f3
[19:57:37] [Server thread/DEBUG] [REI] Added display serializer [minecraft:default/crafting/shapeless] me.shedaniel.rei.api.common.display.DisplaySerializer$1@ad8402f
[19:57:37] [Server thread/DEBUG] [REI] Added display serializer [minecraft:default/crafting/custom] me.shedaniel.rei.api.common.display.DisplaySerializer$1@355be430
[19:57:37] [Server thread/DEBUG] [REI] Added display serializer [minecraft:default/crafting/custom_shaped] me.shedaniel.rei.api.common.display.DisplaySerializer$1@4751ab13
[19:57:37] [Server thread/DEBUG] [REI] Added display serializer [minecraft:default/crafting/custom_shapeless] me.shedaniel.rei.api.common.display.DisplaySerializer$1@4ef95105
[19:57:37] [Server thread/DEBUG] [REI] Added display serializer [minecraft:extension/crafting/map_extending] me.shedaniel.rei.api.common.display.DisplaySerializer$1@1e2a8994
[19:57:37] [Server thread/DEBUG] [REI] Added display serializer [minecraft:default/smelting] me.shedaniel.rei.api.common.display.DisplaySerializer$1@11b5fac5
[19:57:37] [Server thread/DEBUG] [REI] Added display serializer [minecraft:default/smoking] me.shedaniel.rei.api.common.display.DisplaySerializer$1@54652b87
[19:57:37] [Server thread/DEBUG] [REI] Added display serializer [minecraft:default/blasting] me.shedaniel.rei.api.common.display.DisplaySerializer$1@7f5c4f70
[19:57:37] [Server thread/DEBUG] [REI] Added display serializer [minecraft:default/campfire] me.shedaniel.rei.api.common.display.DisplaySerializer$1@14fd96d6
[19:57:37] [Server thread/DEBUG] [REI] Added display serializer [minecraft:default/stone_cutting] me.shedaniel.rei.api.common.display.DisplaySerializer$1@66e2b106
[19:57:37] [Server thread/DEBUG] [REI] Added display serializer [minecraft:default/stripping] me.shedaniel.rei.api.common.display.DisplaySerializer$1@41b3e10b
[19:57:37] [Server thread/DEBUG] [REI] Added display serializer [minecraft:default/brewing] me.shedaniel.rei.api.common.display.DisplaySerializer$1@4060949a
[19:57:37] [Server thread/DEBUG] [REI] Added display serializer [minecraft:default/composting] me.shedaniel.rei.api.common.display.DisplaySerializer$1@1158e71c
[19:57:37] [Server thread/DEBUG] [REI] Added display serializer [minecraft:default/fuel] me.shedaniel.rei.api.common.display.DisplaySerializer$1@4ddd4de4
[19:57:37] [Server thread/DEBUG] [REI] Added display serializer [minecraft:default/smithing] me.shedaniel.rei.api.common.display.DisplaySerializer$1@736b9615
[19:57:37] [Server thread/DEBUG] [REI] Added display serializer [minecraft:default/anvil] me.shedaniel.rei.api.common.display.DisplaySerializer$1@5582c4a5
[19:57:37] [Server thread/DEBUG] [REI] Added display serializer [minecraft:default/beacon_base] me.shedaniel.rei.api.common.display.DisplaySerializer$1@be3c7b1
[19:57:37] [Server thread/DEBUG] [REI] Added display serializer [minecraft:default/beacon_payment] me.shedaniel.rei.api.common.display.DisplaySerializer$1@59129e3e
[19:57:37] [Server thread/DEBUG] [REI] Added display serializer [minecraft:default/tilling] me.shedaniel.rei.api.common.display.DisplaySerializer$1@6d4e8522
[19:57:37] [Server thread/DEBUG] [REI] Added display serializer [minecraft:default/pathing] me.shedaniel.rei.api.common.display.DisplaySerializer$1@5a7b4d73
[19:57:37] [Server thread/DEBUG] [REI] Added display serializer [minecraft:default/waxing] me.shedaniel.rei.api.common.display.DisplaySerializer$1@6843807b
[19:57:37] [Server thread/DEBUG] [REI] Added display serializer [minecraft:default/waxing_scraping] me.shedaniel.rei.api.common.display.DisplaySerializer$1@38a43307
[19:57:37] [Server thread/DEBUG] [REI] Added display serializer [minecraft:default/oxidizing] me.shedaniel.rei.api.common.display.DisplaySerializer$1@2db9cee6
[19:57:37] [Server thread/DEBUG] [REI] Added display serializer [minecraft:default/oxidizing_scraping] me.shedaniel.rei.api.common.display.DisplaySerializer$1@2379eb08
[19:57:37] [Server thread/DEBUG] [REI] Added display serializer [roughlyenoughitems:default/information] me.shedaniel.rei.api.common.display.DisplaySerializer$1@25382d4f
[19:57:37] [Server thread/TRACE] [REI] [REICommonPlugin START] Reloading Section: "reloadable-plugin/DisplaySerializerRegistryImpl/DefaultPlugin of DefaultPlugin [roughlyenoughitems]/" done in 41.71 ms
[19:57:37] [Server thread/TRACE] [REI] [REICommonPlugin START] Reloading Section: "reloadable-plugin/DisplaySerializerRegistryImpl/FabricFluidAPISupportPlugin/"
[19:57:37] [Server thread/TRACE] [REI] [REICommonPlugin START] Reloading Section: "reloadable-plugin/DisplaySerializerRegistryImpl/FabricFluidAPISupportPlugin/" done in 55.42 μs
[19:57:37] [Server thread/TRACE] [REI] [REICommonPlugin START] Reloading Section: "reloadable-plugin/DisplaySerializerRegistryImpl/DefaultRuntimePlugin of DefaultRuntimePlugin [roughlyenoughitems]/"
[19:57:37] [Server thread/TRACE] [REI] [REICommonPlugin START] Reloading Section: "reloadable-plugin/DisplaySerializerRegistryImpl/DefaultRuntimePlugin of DefaultRuntimePlugin [roughlyenoughitems]/" done in 48.09 μs
[19:57:37] [Server thread/TRACE] [REI] [REICommonPlugin START] Reloading Section: "reloadable-plugin/DisplaySerializerRegistryImpl/" done in 42.17 ms
[19:57:37] [Server thread/TRACE] [REI] [REICommonPlugin START] Reloading Section: "reloadable-plugin/ServerDisplayRegistryImpl/"
[19:57:37] [Server thread/TRACE] [REI] [REICommonPlugin START] Reloading Section: "reloadable-plugin/ServerDisplayRegistryImpl/DefaultPlugin of DefaultPlugin [roughlyenoughitems]/"
[19:57:37] [Server thread/TRACE] [REI] [REICommonPlugin START] Reloading Section: "reloadable-plugin/ServerDisplayRegistryImpl/DefaultPlugin of DefaultPlugin [roughlyenoughitems]/" done in 53.15 μs
[19:57:37] [Server thread/TRACE] [REI] [REICommonPlugin START] Reloading Section: "reloadable-plugin/ServerDisplayRegistryImpl/FabricFluidAPISupportPlugin/"
[19:57:37] [Server thread/TRACE] [REI] [REICommonPlugin START] Reloading Section: "reloadable-plugin/ServerDisplayRegistryImpl/FabricFluidAPISupportPlugin/" done in 49.91 μs
[19:57:37] [Server thread/TRACE] [REI] [REICommonPlugin START] Reloading Section: "reloadable-plugin/ServerDisplayRegistryImpl/DefaultRuntimePlugin of DefaultRuntimePlugin [roughlyenoughitems]/"
[19:57:37] [Server thread/TRACE] [REI] [REICommonPlugin START] Reloading Section: "reloadable-plugin/ServerDisplayRegistryImpl/DefaultRuntimePlugin of DefaultRuntimePlugin [roughlyenoughitems]/" done in 49.05 μs
[19:57:37] [Server thread/TRACE] [REI] [REICommonPlugin START] Reloading Section: "reloadable-plugin/ServerDisplayRegistryImpl/" done in 463.0 μs
[19:57:37] [Server thread/TRACE] [REI] [REICommonPlugin START] Reloading Section: "reloadable-plugin/FluidSupportProviderImpl/"
[19:57:37] [Server thread/TRACE] [REI] [REICommonPlugin START] Reloading Section: "reloadable-plugin/FluidSupportProviderImpl/DefaultPlugin of DefaultPlugin [roughlyenoughitems]/"
[19:57:37] [Server thread/TRACE] [REI] [REICommonPlugin START] Reloading Section: "reloadable-plugin/FluidSupportProviderImpl/DefaultPlugin of DefaultPlugin [roughlyenoughitems]/" done in 338.5 μs
[19:57:37] [Server thread/TRACE] [REI] [REICommonPlugin START] Reloading Section: "reloadable-plugin/FluidSupportProviderImpl/FabricFluidAPISupportPlugin/"
[19:57:37] [Server thread/TRACE] [REI] [REICommonPlugin START] Reloading Section: "reloadable-plugin/FluidSupportProviderImpl/FabricFluidAPISupportPlugin/" done in 191.6 μs
[19:57:37] [Server thread/TRACE] [REI] [REICommonPlugin START] Reloading Section: "reloadable-plugin/FluidSupportProviderImpl/DefaultRuntimePlugin of DefaultRuntimePlugin [roughlyenoughitems]/"
[19:57:37] [Server thread/TRACE] [REI] [REICommonPlugin START] Reloading Section: "reloadable-plugin/FluidSupportProviderImpl/DefaultRuntimePlugin of DefaultRuntimePlugin [roughlyenoughitems]/" done in 57.54 μs
[19:57:37] [Server thread/TRACE] [REI] [REICommonPlugin START] Reloading Section: "reloadable-plugin/FluidSupportProviderImpl/" done in 929.9 μs
[19:57:37] [Server thread/DEBUG] [REI] ========================================
[19:57:37] [Server thread/DEBUG] [REI] REICommonPlugin ending main-reload for START.
[19:57:37] [Server thread/DEBUG] [REI] ========================================
[19:57:37] [Server thread/TRACE] [REI] [REICommonPlugin START] Reloading Section: "end-reload/"
[19:57:37] [Server thread/TRACE] [REI] [REICommonPlugin START] Reloading Section: "end-reload/SlotAccessorRegistryImpl/"
[19:57:37] [Server thread/TRACE] [REI] [REICommonPlugin START] Reloading Section: "end-reload/SlotAccessorRegistryImpl/" done in 59.61 μs
[19:57:37] [Server thread/TRACE] [REI] [REICommonPlugin START] Reloading Section: "end-reload/EntryTypeRegistryImpl/"
[19:57:37] [Server thread/TRACE] [REI] [REICommonPlugin START] Reloading Section: "end-reload/EntryTypeRegistryImpl/" done in 47.28 μs
[19:57:37] [Server thread/TRACE] [REI] [REICommonPlugin START] Reloading Section: "end-reload/EntrySettingsAdapterRegistryImpl/"
[19:57:37] [Server thread/TRACE] [REI] [REICommonPlugin START] Reloading Section: "end-reload/EntrySettingsAdapterRegistryImpl/" done in 40.30 μs
[19:57:37] [Server thread/TRACE] [REI] [REICommonPlugin START] Reloading Section: "end-reload/ItemComparatorRegistryImpl/"
[19:57:37] [Server thread/TRACE] [REI] [REICommonPlugin START] Reloading Section: "end-reload/ItemComparatorRegistryImpl/" done in 40.73 μs
[19:57:37] [Server thread/TRACE] [REI] [REICommonPlugin START] Reloading Section: "end-reload/FluidComparatorRegistryImpl/"
[19:57:37] [Server thread/TRACE] [REI] [REICommonPlugin START] Reloading Section: "end-reload/FluidComparatorRegistryImpl/" done in 41.02 μs
[19:57:37] [Server thread/TRACE] [REI] [REICommonPlugin START] Reloading Section: "end-reload/DisplaySerializerRegistryImpl/"
[19:57:37] [Server thread/TRACE] [REI] [REICommonPlugin START] Reloading Section: "end-reload/DisplaySerializerRegistryImpl/" done in 38.38 μs
[19:57:37] [Server thread/TRACE] [REI] [REICommonPlugin START] Reloading Section: "end-reload/ServerDisplayRegistryImpl/"
[19:57:37] [Server thread/TRACE] [REI] [REICommonPlugin START] Reloading Section: "end-reload/ServerDisplayRegistryImpl/" done in 37.93 μs
[19:57:37] [Server thread/TRACE] [REI] [REICommonPlugin START] Reloading Section: "end-reload/FluidSupportProviderImpl/"
[19:57:37] [Server thread/TRACE] [REI] [REICommonPlugin START] Reloading Section: "end-reload/FluidSupportProviderImpl/" done in 37.65 μs
[19:57:37] [Server thread/TRACE] [REI] [REICommonPlugin START] Reloading Section: "end-reload/" done in 1.038 ms
[19:57:37] [Server thread/DEBUG] [REI] ========================================
[19:57:37] [Server thread/DEBUG] [REI] REICommonPlugin ended main-reload for START in 64.07 ms.
[19:57:37] [Server thread/DEBUG] [REI] ========================================
[19:57:37] [Server thread/DEBUG] [REI] ========================================
[19:57:37] [Server thread/DEBUG] [REI] REICommonPlugin starting post-reload for START.
[19:57:37] [Server thread/DEBUG] [REI] Reloadables (8):
[19:57:37] [Server thread/DEBUG] [REI]  - SlotAccessorRegistryImpl
[19:57:37] [Server thread/DEBUG] [REI]  - EntryTypeRegistryImpl
[19:57:37] [Server thread/DEBUG] [REI]  - EntrySettingsAdapterRegistryImpl
[19:57:37] [Server thread/DEBUG] [REI]  - ItemComparatorRegistryImpl
[19:57:37] [Server thread/DEBUG] [REI]  - FluidComparatorRegistryImpl
[19:57:37] [Server thread/DEBUG] [REI]  - DisplaySerializerRegistryImpl
[19:57:37] [Server thread/DEBUG] [REI]  - ServerDisplayRegistryImpl
[19:57:37] [Server thread/DEBUG] [REI]  - FluidSupportProviderImpl
[19:57:37] [Server thread/DEBUG] [REI] Plugins (3):
[19:57:37] [Server thread/DEBUG] [REI]  - (-100.00) DefaultPlugin of DefaultPlugin [roughlyenoughitems]
[19:57:37] [Server thread/DEBUG] [REI]  - (0.00) FabricFluidAPISupportPlugin
[19:57:37] [Server thread/DEBUG] [REI]  - (0.00) DefaultRuntimePlugin of DefaultRuntimePlugin [roughlyenoughitems]
[19:57:37] [Server thread/DEBUG] [REI] ========================================
[19:57:37] [Server thread/TRACE] [REI] [REICommonPlugin START] Reloading Section: "post-register/"
[19:57:37] [Server thread/TRACE] [REI] [REICommonPlugin START] Reloading Section: "post-register/DefaultPlugin of DefaultPlugin [roughlyenoughitems]/"
[19:57:37] [Server thread/TRACE] [REI] [REICommonPlugin START] Reloading Section: "post-register/DefaultPlugin of DefaultPlugin [roughlyenoughitems]/" done in 177.9 μs
[19:57:37] [Server thread/TRACE] [REI] [REICommonPlugin START] Reloading Section: "post-register/FabricFluidAPISupportPlugin/"
[19:57:37] [Server thread/TRACE] [REI] [REICommonPlugin START] Reloading Section: "post-register/FabricFluidAPISupportPlugin/" done in 42.14 μs
[19:57:37] [Server thread/TRACE] [REI] [REICommonPlugin START] Reloading Section: "post-register/DefaultRuntimePlugin of DefaultRuntimePlugin [roughlyenoughitems]/"
[19:57:37] [Server thread/TRACE] [REI] [REICommonPlugin START] Reloading Section: "post-register/DefaultRuntimePlugin of DefaultRuntimePlugin [roughlyenoughitems]/" done in 37.35 μs
[19:57:37] [Server thread/TRACE] [REI] [REICommonPlugin START] Reloading Section: "post-register/" done in 691.1 μs
[19:57:37] [Server thread/TRACE] [REI] [REICommonPlugin START] Reloading Section: "post-stage/"
[19:57:37] [Server thread/TRACE] [REI] [REICommonPlugin START] Reloading Section: "post-stage/SlotAccessorRegistryImpl/"
[19:57:37] [Server thread/TRACE] [REI] [REICommonPlugin START] Reloading Section: "post-stage/SlotAccessorRegistryImpl/" done in 54.87 μs
[19:57:37] [Server thread/TRACE] [REI] [REICommonPlugin START] Reloading Section: "post-stage/EntryTypeRegistryImpl/"
[19:57:37] [Server thread/TRACE] [REI] [REICommonPlugin START] Reloading Section: "post-stage/EntryTypeRegistryImpl/" done in 34.15 μs
[19:57:37] [Server thread/TRACE] [REI] [REICommonPlugin START] Reloading Section: "post-stage/EntrySettingsAdapterRegistryImpl/"
[19:57:37] [Server thread/TRACE] [REI] [REICommonPlugin START] Reloading Section: "post-stage/EntrySettingsAdapterRegistryImpl/" done in 73.57 μs
[19:57:37] [Server thread/TRACE] [REI] [REICommonPlugin START] Reloading Section: "post-stage/ItemComparatorRegistryImpl/"
[19:57:37] [Server thread/TRACE] [REI] [REICommonPlugin START] Reloading Section: "post-stage/ItemComparatorRegistryImpl/" done in 48.73 μs
[19:57:37] [Server thread/TRACE] [REI] [REICommonPlugin START] Reloading Section: "post-stage/FluidComparatorRegistryImpl/"
[19:57:37] [Server thread/TRACE] [REI] [REICommonPlugin START] Reloading Section: "post-stage/FluidComparatorRegistryImpl/" done in 34.10 μs
[19:57:37] [Server thread/TRACE] [REI] [REICommonPlugin START] Reloading Section: "post-stage/DisplaySerializerRegistryImpl/"
[19:57:37] [Server thread/TRACE] [REI] [REICommonPlugin START] Reloading Section: "post-stage/DisplaySerializerRegistryImpl/" done in 39.03 μs
[19:57:37] [Server thread/TRACE] [REI] [REICommonPlugin START] Reloading Section: "post-stage/ServerDisplayRegistryImpl/"
[19:57:37] [Server thread/TRACE] [REI] [REICommonPlugin START] Reloading Section: "post-stage/ServerDisplayRegistryImpl/" done in 33.22 μs
[19:57:37] [Server thread/TRACE] [REI] [REICommonPlugin START] Reloading Section: "post-stage/FluidSupportProviderImpl/"
[19:57:37] [Server thread/TRACE] [REI] [REICommonPlugin START] Reloading Section: "post-stage/FluidSupportProviderImpl/" done in 37.60 μs
[19:57:37] [Server thread/TRACE] [REI] [REICommonPlugin START] Reloading Section: "post-stage/" done in 1.058 ms
[19:57:37] [Server thread/DEBUG] [REI] ========================================
[19:57:37] [Server thread/INFO] [REI] REICommonPlugin finished post-reload for START in 1.893 ms, totaling 76.66 ms.
[19:57:37] [Server thread/DEBUG] [REI] ========================================
[19:57:37] [Server thread/DEBUG] [REI] ========================================
[19:57:37] [Server thread/DEBUG] [REI] REICommonPlugin starting pre-reload for END.
[19:57:37] [Server thread/DEBUG] [REI] Reloadables (8):
[19:57:37] [Server thread/DEBUG] [REI]  - SlotAccessorRegistryImpl
[19:57:37] [Server thread/DEBUG] [REI]  - EntryTypeRegistryImpl
[19:57:37] [Server thread/DEBUG] [REI]  - EntrySettingsAdapterRegistryImpl
[19:57:37] [Server thread/DEBUG] [REI]  - ItemComparatorRegistryImpl
[19:57:37] [Server thread/DEBUG] [REI]  - FluidComparatorRegistryImpl
[19:57:37] [Server thread/DEBUG] [REI]  - DisplaySerializerRegistryImpl
[19:57:37] [Server thread/DEBUG] [REI]  - ServerDisplayRegistryImpl
[19:57:37] [Server thread/DEBUG] [REI]  - FluidSupportProviderImpl
[19:57:37] [Server thread/DEBUG] [REI] Plugins (3):
[19:57:37] [Server thread/DEBUG] [REI]  - (-100.00) DefaultPlugin of DefaultPlugin [roughlyenoughitems]
[19:57:37] [Server thread/DEBUG] [REI]  - (0.00) FabricFluidAPISupportPlugin
[19:57:37] [Server thread/DEBUG] [REI]  - (0.00) DefaultRuntimePlugin of DefaultRuntimePlugin [roughlyenoughitems]
[19:57:37] [Server thread/DEBUG] [REI] ========================================
[19:57:37] [Server thread/TRACE] [REI] [REICommonPlugin END] Reloading Section: "pre-register/"
[19:57:37] [Server thread/TRACE] [REI] [REICommonPlugin END] Reloading Section: "pre-register/DefaultPlugin of DefaultPlugin [roughlyenoughitems]/"
[19:57:37] [Server thread/TRACE] [REI] [REICommonPlugin END] Reloading Section: "pre-register/DefaultPlugin of DefaultPlugin [roughlyenoughitems]/" done in 61.02 μs
[19:57:37] [Server thread/TRACE] [REI] [REICommonPlugin END] Reloading Section: "pre-register/FabricFluidAPISupportPlugin/"
[19:57:37] [Server thread/TRACE] [REI] [REICommonPlugin END] Reloading Section: "pre-register/FabricFluidAPISupportPlugin/" done in 38.07 μs
[19:57:37] [Server thread/TRACE] [REI] [REICommonPlugin END] Reloading Section: "pre-register/DefaultRuntimePlugin of DefaultRuntimePlugin [roughlyenoughitems]/"
[19:57:37] [Server thread/TRACE] [REI] [REICommonPlugin END] Reloading Section: "pre-register/DefaultRuntimePlugin of DefaultRuntimePlugin [roughlyenoughitems]/" done in 54.17 μs
[19:57:37] [Server thread/TRACE] [REI] [REICommonPlugin END] Reloading Section: "pre-register/" done in 587.6 μs
[19:57:37] [Server thread/TRACE] [REI] [REICommonPlugin END] Reloading Section: "pre-stage/"
[19:57:37] [Server thread/TRACE] [REI] [REICommonPlugin END] Reloading Section: "pre-stage/SlotAccessorRegistryImpl/"
[19:57:37] [Server thread/TRACE] [REI] [REICommonPlugin END] Reloading Section: "pre-stage/SlotAccessorRegistryImpl/" done in 36.48 μs
[19:57:37] [Server thread/TRACE] [REI] [REICommonPlugin END] Reloading Section: "pre-stage/EntryTypeRegistryImpl/"
[19:57:37] [Server thread/TRACE] [REI] [REICommonPlugin END] Reloading Section: "pre-stage/EntryTypeRegistryImpl/" done in 35.10 μs
[19:57:37] [Server thread/TRACE] [REI] [REICommonPlugin END] Reloading Section: "pre-stage/EntrySettingsAdapterRegistryImpl/"
[19:57:37] [Server thread/TRACE] [REI] [REICommonPlugin END] Reloading Section: "pre-stage/EntrySettingsAdapterRegistryImpl/" done in 33.73 μs
[19:57:37] [Server thread/TRACE] [REI] [REICommonPlugin END] Reloading Section: "pre-stage/ItemComparatorRegistryImpl/"
[19:57:37] [Server thread/TRACE] [REI] [REICommonPlugin END] Reloading Section: "pre-stage/ItemComparatorRegistryImpl/" done in 33.11 μs
[19:57:37] [Server thread/TRACE] [REI] [REICommonPlugin END] Reloading Section: "pre-stage/FluidComparatorRegistryImpl/"
[19:57:37] [Server thread/TRACE] [REI] [REICommonPlugin END] Reloading Section: "pre-stage/FluidComparatorRegistryImpl/" done in 35.98 μs
[19:57:37] [Server thread/TRACE] [REI] [REICommonPlugin END] Reloading Section: "pre-stage/DisplaySerializerRegistryImpl/"
[19:57:37] [Server thread/TRACE] [REI] [REICommonPlugin END] Reloading Section: "pre-stage/DisplaySerializerRegistryImpl/" done in 33.65 μs
[19:57:37] [Server thread/TRACE] [REI] [REICommonPlugin END] Reloading Section: "pre-stage/ServerDisplayRegistryImpl/"
[19:57:37] [Server thread/TRACE] [REI] [REICommonPlugin END] Reloading Section: "pre-stage/ServerDisplayRegistryImpl/" done in 35.21 μs
[19:57:37] [Server thread/TRACE] [REI] [REICommonPlugin END] Reloading Section: "pre-stage/FluidSupportProviderImpl/"
[19:57:37] [Server thread/TRACE] [REI] [REICommonPlugin END] Reloading Section: "pre-stage/FluidSupportProviderImpl/" done in 98.56 μs
[19:57:37] [Server thread/TRACE] [REI] [REICommonPlugin END] Reloading Section: "pre-stage/" done in 984.0 μs
[19:57:37] [Server thread/DEBUG] [REI] ========================================
[19:57:37] [Server thread/DEBUG] [REI] REICommonPlugin finished pre-reload for END in 1.691 ms.
[19:57:37] [Server thread/DEBUG] [REI] ========================================
[19:57:37] [Server thread/INFO] [REI] ----------------------------------------
[19:57:37] [Server thread/INFO] [REI] REICommonPlugin starting main-reload for END.
[19:57:37] [Server thread/DEBUG] [REI] Reloadables (8):
[19:57:37] [Server thread/DEBUG] [REI]  - SlotAccessorRegistryImpl
[19:57:37] [Server thread/DEBUG] [REI]  - EntryTypeRegistryImpl
[19:57:37] [Server thread/DEBUG] [REI]  - EntrySettingsAdapterRegistryImpl
[19:57:37] [Server thread/DEBUG] [REI]  - ItemComparatorRegistryImpl
[19:57:37] [Server thread/DEBUG] [REI]  - FluidComparatorRegistryImpl
[19:57:37] [Server thread/DEBUG] [REI]  - DisplaySerializerRegistryImpl
[19:57:37] [Server thread/DEBUG] [REI]  - ServerDisplayRegistryImpl
[19:57:37] [Server thread/DEBUG] [REI]  - FluidSupportProviderImpl
[19:57:37] [Server thread/INFO] [REI] Plugins (3):
[19:57:37] [Server thread/INFO] [REI]  - (-100.00) DefaultPlugin of DefaultPlugin [roughlyenoughitems]
[19:57:37] [Server thread/INFO] [REI]  - (0.00) FabricFluidAPISupportPlugin
[19:57:37] [Server thread/INFO] [REI]  - (0.00) DefaultRuntimePlugin of DefaultRuntimePlugin [roughlyenoughitems]
[19:57:37] [Server thread/INFO] [REI] ----------------------------------------
[19:57:37] [Server thread/TRACE] [REI] [REICommonPlugin END] Reloading Section: "start-reload/"
[19:57:37] [Server thread/TRACE] [REI] [REICommonPlugin END] Reloading Section: "start-reload/SlotAccessorRegistryImpl/"
[19:57:37] [Server thread/TRACE] [REI] [REICommonPlugin END] Reloading Section: "start-reload/SlotAccessorRegistryImpl/" done in 43.35 μs
[19:57:37] [Server thread/TRACE] [REI] [REICommonPlugin END] Reloading Section: "start-reload/EntryTypeRegistryImpl/"
[19:57:37] [Server thread/TRACE] [REI] [REICommonPlugin END] Reloading Section: "start-reload/EntryTypeRegistryImpl/" done in 148.4 μs
[19:57:37] [Server thread/TRACE] [REI] [REICommonPlugin END] Reloading Section: "start-reload/EntrySettingsAdapterRegistryImpl/"
[19:57:37] [Server thread/TRACE] [REI] [REICommonPlugin END] Reloading Section: "start-reload/EntrySettingsAdapterRegistryImpl/" done in 71.76 μs
[19:57:37] [Server thread/TRACE] [REI] [REICommonPlugin END] Reloading Section: "start-reload/ItemComparatorRegistryImpl/"
[19:57:37] [Server thread/TRACE] [REI] [REICommonPlugin END] Reloading Section: "start-reload/ItemComparatorRegistryImpl/" done in 41.64 μs
[19:57:37] [Server thread/TRACE] [REI] [REICommonPlugin END] Reloading Section: "start-reload/FluidComparatorRegistryImpl/"
[19:57:37] [Server thread/TRACE] [REI] [REICommonPlugin END] Reloading Section: "start-reload/FluidComparatorRegistryImpl/" done in 72.12 μs
[19:57:37] [Server thread/TRACE] [REI] [REICommonPlugin END] Reloading Section: "start-reload/DisplaySerializerRegistryImpl/"
[19:57:37] [Server thread/TRACE] [REI] [REICommonPlugin END] Reloading Section: "start-reload/DisplaySerializerRegistryImpl/" done in 38.89 μs
[19:57:37] [Server thread/TRACE] [REI] [REICommonPlugin END] Reloading Section: "start-reload/ServerDisplayRegistryImpl/"
[19:57:37] [Server thread/TRACE] [REI] [REICommonPlugin END] Reloading Section: "start-reload/ServerDisplayRegistryImpl/" done in 165.5 μs
[19:57:37] [Server thread/TRACE] [REI] [REICommonPlugin END] Reloading Section: "start-reload/FluidSupportProviderImpl/"
[19:57:37] [Server thread/TRACE] [REI] [REICommonPlugin END] Reloading Section: "start-reload/FluidSupportProviderImpl/" done in 82.04 μs
[19:57:37] [Server thread/TRACE] [REI] [REICommonPlugin END] Reloading Section: "start-reload/" done in 2.294 ms
[19:57:37] [Server thread/DEBUG] [REI] ========================================
[19:57:37] [Server thread/DEBUG] [REI] REICommonPlugin started main-reload for END.
[19:57:37] [Server thread/DEBUG] [REI] ========================================
[19:57:37] [Server thread/TRACE] [REI] [REICommonPlugin END] Reloading Section: "reloadable-plugin/SlotAccessorRegistryImpl/"
[19:57:37] [Server thread/TRACE] [REI] [REICommonPlugin END] Reloading Section: "reloadable-plugin/SlotAccessorRegistryImpl/DefaultPlugin of DefaultPlugin [roughlyenoughitems]/"
[19:57:37] [Server thread/TRACE] [REI] [REICommonPlugin END] Reloading Section: "reloadable-plugin/SlotAccessorRegistryImpl/DefaultPlugin of DefaultPlugin [roughlyenoughitems]/" done in 105.0 μs
[19:57:37] [Server thread/TRACE] [REI] [REICommonPlugin END] Reloading Section: "reloadable-plugin/SlotAccessorRegistryImpl/FabricFluidAPISupportPlugin/"
[19:57:37] [Server thread/TRACE] [REI] [REICommonPlugin END] Reloading Section: "reloadable-plugin/SlotAccessorRegistryImpl/FabricFluidAPISupportPlugin/" done in 111.3 μs
[19:57:37] [Server thread/TRACE] [REI] [REICommonPlugin END] Reloading Section: "reloadable-plugin/SlotAccessorRegistryImpl/DefaultRuntimePlugin of DefaultRuntimePlugin [roughlyenoughitems]/"
[19:57:37] [Server thread/DEBUG] [REI] Added slot accessor serializer: me.shedaniel.rei.plugin.common.runtime.DefaultRuntimePlugin$1@4a8cdf16 [roughlyenoughitems:vanilla]
[19:57:37] [Server thread/DEBUG] [REI] Added slot accessor serializer: me.shedaniel.rei.plugin.common.runtime.DefaultRuntimePlugin$2@37a4eac4 [roughlyenoughitems:player]
[19:57:37] [Server thread/TRACE] [REI] [REICommonPlugin END] Reloading Section: "reloadable-plugin/SlotAccessorRegistryImpl/DefaultRuntimePlugin of DefaultRuntimePlugin [roughlyenoughitems]/" done in 1.716 ms
[19:57:37] [Server thread/TRACE] [REI] [REICommonPlugin END] Reloading Section: "reloadable-plugin/SlotAccessorRegistryImpl/" done in 2.407 ms
[19:57:37] [Server thread/TRACE] [REI] [REICommonPlugin END] Reloading Section: "reloadable-plugin/EntryTypeRegistryImpl/"
[19:57:37] [Server thread/TRACE] [REI] [REICommonPlugin END] Reloading Section: "reloadable-plugin/EntryTypeRegistryImpl/DefaultPlugin of DefaultPlugin [roughlyenoughitems]/"
[19:57:37] [Server thread/TRACE] [REI] [REICommonPlugin END] Reloading Section: "reloadable-plugin/EntryTypeRegistryImpl/DefaultPlugin of DefaultPlugin [roughlyenoughitems]/" done in 124.3 μs
[19:57:37] [Server thread/TRACE] [REI] [REICommonPlugin END] Reloading Section: "reloadable-plugin/EntryTypeRegistryImpl/FabricFluidAPISupportPlugin/"
[19:57:37] [Server thread/TRACE] [REI] [REICommonPlugin END] Reloading Section: "reloadable-plugin/EntryTypeRegistryImpl/FabricFluidAPISupportPlugin/" done in 40.97 μs
[19:57:37] [Server thread/TRACE] [REI] [REICommonPlugin END] Reloading Section: "reloadable-plugin/EntryTypeRegistryImpl/DefaultRuntimePlugin of DefaultRuntimePlugin [roughlyenoughitems]/"
[19:57:37] [Server thread/TRACE] [REI] [REICommonPlugin END] Reloading Section: "reloadable-plugin/EntryTypeRegistryImpl/DefaultRuntimePlugin of DefaultRuntimePlugin [roughlyenoughitems]/" done in 98.89 μs
[19:57:37] [Server thread/TRACE] [REI] [REICommonPlugin END] Reloading Section: "reloadable-plugin/EntryTypeRegistryImpl/" done in 885.8 μs
[19:57:37] [Server thread/TRACE] [REI] [REICommonPlugin END] Reloading Section: "reloadable-plugin/EntrySettingsAdapterRegistryImpl/"
[19:57:37] [Server thread/TRACE] [REI] [REICommonPlugin END] Reloading Section: "reloadable-plugin/EntrySettingsAdapterRegistryImpl/DefaultPlugin of DefaultPlugin [roughlyenoughitems]/"
[19:57:37] [Server thread/TRACE] [REI] [REICommonPlugin END] Reloading Section: "reloadable-plugin/EntrySettingsAdapterRegistryImpl/DefaultPlugin of DefaultPlugin [roughlyenoughitems]/" done in 124.2 μs
[19:57:37] [Server thread/TRACE] [REI] [REICommonPlugin END] Reloading Section: "reloadable-plugin/EntrySettingsAdapterRegistryImpl/FabricFluidAPISupportPlugin/"
[19:57:37] [Server thread/TRACE] [REI] [REICommonPlugin END] Reloading Section: "reloadable-plugin/EntrySettingsAdapterRegistryImpl/FabricFluidAPISupportPlugin/" done in 109.8 μs
[19:57:37] [Server thread/TRACE] [REI] [REICommonPlugin END] Reloading Section: "reloadable-plugin/EntrySettingsAdapterRegistryImpl/DefaultRuntimePlugin of DefaultRuntimePlugin [roughlyenoughitems]/"
[19:57:37] [Server thread/TRACE] [REI] [REICommonPlugin END] Reloading Section: "reloadable-plugin/EntrySettingsAdapterRegistryImpl/DefaultRuntimePlugin of DefaultRuntimePlugin [roughlyenoughitems]/" done in 126.9 μs
[19:57:37] [Server thread/TRACE] [REI] [REICommonPlugin END] Reloading Section: "reloadable-plugin/EntrySettingsAdapterRegistryImpl/" done in 899.8 μs
[19:57:37] [Server thread/TRACE] [REI] [REICommonPlugin END] Reloading Section: "reloadable-plugin/ItemComparatorRegistryImpl/"
[19:57:37] [Server thread/TRACE] [REI] [REICommonPlugin END] Reloading Section: "reloadable-plugin/ItemComparatorRegistryImpl/DefaultPlugin of DefaultPlugin [roughlyenoughitems]/"
[19:57:37] [Server thread/TRACE] [REI] [REICommonPlugin END] Reloading Section: "reloadable-plugin/ItemComparatorRegistryImpl/DefaultPlugin of DefaultPlugin [roughlyenoughitems]/" done in 129.2 μs
[19:57:37] [Server thread/TRACE] [REI] [REICommonPlugin END] Reloading Section: "reloadable-plugin/ItemComparatorRegistryImpl/FabricFluidAPISupportPlugin/"
[19:57:37] [Server thread/TRACE] [REI] [REICommonPlugin END] Reloading Section: "reloadable-plugin/ItemComparatorRegistryImpl/FabricFluidAPISupportPlugin/" done in 40.89 μs
[19:57:37] [Server thread/TRACE] [REI] [REICommonPlugin END] Reloading Section: "reloadable-plugin/ItemComparatorRegistryImpl/DefaultRuntimePlugin of DefaultRuntimePlugin [roughlyenoughitems]/"
[19:57:37] [Server thread/TRACE] [REI] [REICommonPlugin END] Reloading Section: "reloadable-plugin/ItemComparatorRegistryImpl/DefaultRuntimePlugin of DefaultRuntimePlugin [roughlyenoughitems]/" done in 54.14 μs
[19:57:37] [Server thread/TRACE] [REI] [REICommonPlugin END] Reloading Section: "reloadable-plugin/ItemComparatorRegistryImpl/" done in 776.1 μs
[19:57:37] [Server thread/TRACE] [REI] [REICommonPlugin END] Reloading Section: "reloadable-plugin/FluidComparatorRegistryImpl/"
[19:57:37] [Server thread/TRACE] [REI] [REICommonPlugin END] Reloading Section: "reloadable-plugin/FluidComparatorRegistryImpl/DefaultPlugin of DefaultPlugin [roughlyenoughitems]/"
[19:57:37] [Server thread/TRACE] [REI] [REICommonPlugin END] Reloading Section: "reloadable-plugin/FluidComparatorRegistryImpl/DefaultPlugin of DefaultPlugin [roughlyenoughitems]/" done in 139.5 μs
[19:57:37] [Server thread/TRACE] [REI] [REICommonPlugin END] Reloading Section: "reloadable-plugin/FluidComparatorRegistryImpl/FabricFluidAPISupportPlugin/"
[19:57:37] [Server thread/TRACE] [REI] [REICommonPlugin END] Reloading Section: "reloadable-plugin/FluidComparatorRegistryImpl/FabricFluidAPISupportPlugin/" done in 45.62 μs
[19:57:37] [Server thread/TRACE] [REI] [REICommonPlugin END] Reloading Section: "reloadable-plugin/FluidComparatorRegistryImpl/DefaultRuntimePlugin of DefaultRuntimePlugin [roughlyenoughitems]/"
[19:57:37] [Server thread/TRACE] [REI] [REICommonPlugin END] Reloading Section: "reloadable-plugin/FluidComparatorRegistryImpl/DefaultRuntimePlugin of DefaultRuntimePlugin [roughlyenoughitems]/" done in 38.73 μs
[19:57:37] [Server thread/TRACE] [REI] [REICommonPlugin END] Reloading Section: "reloadable-plugin/FluidComparatorRegistryImpl/" done in 639.1 μs
[19:57:37] [Server thread/TRACE] [REI] [REICommonPlugin END] Reloading Section: "reloadable-plugin/DisplaySerializerRegistryImpl/"
[19:57:37] [Server thread/TRACE] [REI] [REICommonPlugin END] Reloading Section: "reloadable-plugin/DisplaySerializerRegistryImpl/DefaultPlugin of DefaultPlugin [roughlyenoughitems]/"
[19:57:37] [Server thread/TRACE] [REI] [REICommonPlugin END] Reloading Section: "reloadable-plugin/DisplaySerializerRegistryImpl/DefaultPlugin of DefaultPlugin [roughlyenoughitems]/" done in 38.25 μs
[19:57:37] [Server thread/TRACE] [REI] [REICommonPlugin END] Reloading Section: "reloadable-plugin/DisplaySerializerRegistryImpl/FabricFluidAPISupportPlugin/"
[19:57:37] [Server thread/TRACE] [REI] [REICommonPlugin END] Reloading Section: "reloadable-plugin/DisplaySerializerRegistryImpl/FabricFluidAPISupportPlugin/" done in 65.24 μs
[19:57:37] [Server thread/TRACE] [REI] [REICommonPlugin END] Reloading Section: "reloadable-plugin/DisplaySerializerRegistryImpl/DefaultRuntimePlugin of DefaultRuntimePlugin [roughlyenoughitems]/"
[19:57:37] [Server thread/TRACE] [REI] [REICommonPlugin END] Reloading Section: "reloadable-plugin/DisplaySerializerRegistryImpl/DefaultRuntimePlugin of DefaultRuntimePlugin [roughlyenoughitems]/" done in 37.06 μs
[19:57:37] [Server thread/TRACE] [REI] [REICommonPlugin END] Reloading Section: "reloadable-plugin/DisplaySerializerRegistryImpl/" done in 383.2 μs
[19:57:37] [Server thread/TRACE] [REI] [REICommonPlugin END] Reloading Section: "reloadable-plugin/ServerDisplayRegistryImpl/"
[19:57:37] [Server thread/TRACE] [REI] [REICommonPlugin END] Reloading Section: "reloadable-plugin/ServerDisplayRegistryImpl/DefaultPlugin of DefaultPlugin [roughlyenoughitems]/"
[19:57:37] [Server thread/DEBUG] [REI] Added display filter: me.shedaniel.rei.api.common.registry.display.DisplayConsumer$RecipeManagerConsumer$RecipeFillerBuilder$$Lambda/0x0000721b4d4b3638@67c9271c
[19:57:37] [Server thread/DEBUG] [REI] Added display filter: me.shedaniel.rei.api.common.registry.display.DisplayConsumer$RecipeManagerConsumer$RecipeFillerBuilder$$Lambda/0x0000721b4d4b3638@59103f2f
[19:57:37] [Server thread/DEBUG] [REI] Added display filter: me.shedaniel.rei.api.common.registry.display.DisplayConsumer$RecipeManagerConsumer$RecipeFillerBuilder$$Lambda/0x0000721b4d4b3638@730a918
[19:57:37] [Server thread/DEBUG] [REI] Added display filter: me.shedaniel.rei.api.common.registry.display.DisplayConsumer$RecipeManagerConsumer$RecipeFillerBuilder$$Lambda/0x0000721b4d4b3638@3a00d2eb
[19:57:37] [Server thread/DEBUG] [REI] Added display filter: me.shedaniel.rei.api.common.registry.display.DisplayConsumer$RecipeManagerConsumer$RecipeFillerBuilder$$Lambda/0x0000721b4d4b3638@6d171bb3
[19:57:37] [Server thread/DEBUG] [REI] Added display filter: me.shedaniel.rei.api.common.registry.display.DisplayConsumer$RecipeManagerConsumer$RecipeFillerBuilder$$Lambda/0x0000721b4d4b3638@3862f4e4
[19:57:37] [Server thread/DEBUG] [REI] Added display filter: me.shedaniel.rei.api.common.registry.display.DisplayConsumer$RecipeManagerConsumer$RecipeFillerBuilder$$Lambda/0x0000721b4d4b3638@6aae167e
[19:57:37] [Server thread/DEBUG] [REI] Added display filter: me.shedaniel.rei.api.common.registry.display.DisplayConsumer$RecipeManagerConsumer$RecipeFillerBuilder$$Lambda/0x0000721b4d4b4e20@214807b2
[19:57:37] [Server thread/DEBUG] [REI] Added display filter: me.shedaniel.rei.api.common.registry.display.DisplayConsumer$RecipeManagerConsumer$RecipeFillerBuilder$$Lambda/0x0000721b4d4b4e20@24b00dd6
[19:57:37] [Server thread/DEBUG] [REI] Added display filter: me.shedaniel.rei.api.common.registry.display.DisplayConsumer$RecipeManagerConsumer$RecipeFillerBuilder$$Lambda/0x0000721b4d4b4e20@5ef530f4
[19:57:37] [Server thread/DEBUG] [REI] Added display filter: me.shedaniel.rei.api.common.registry.display.DisplayConsumer$RecipeManagerConsumer$RecipeFillerBuilder$$Lambda/0x0000721b4d4b4e20@1aa4dd0a
[19:57:37] [Server thread/DEBUG] [REI] Added display filter: me.shedaniel.rei.api.common.registry.display.DisplayConsumer$RecipeManagerConsumer$RecipeFillerBuilder$$Lambda/0x0000721b4d4b4e20@7bb02c7b
[19:57:37] [Server thread/DEBUG] [REI] Added display filter: me.shedaniel.rei.api.common.registry.display.DisplayConsumer$RecipeManagerConsumer$RecipeFillerBuilder$$Lambda/0x0000721b4d4b4e20@5f4a5066
[19:57:37] [Server thread/DEBUG] [REI] Added display filter: me.shedaniel.rei.api.common.registry.display.DisplayConsumer$RecipeManagerConsumer$RecipeFillerBuilder$$Lambda/0x0000721b4d4b4e20@28cfa9eb
[19:57:37] [Server thread/DEBUG] [REI] Added display filter: me.shedaniel.rei.api.common.registry.display.DisplayConsumer$RecipeManagerConsumer$RecipeFillerBuilder$$Lambda/0x0000721b4d4b4e20@143f6d75
[19:57:37] [Server thread/DEBUG] [REI] Added display filter: me.shedaniel.rei.api.common.registry.display.DisplayConsumer$RecipeManagerConsumer$RecipeFillerBuilder$$Lambda/0x0000721b4d4b4e20@6e96587d
[19:57:37] [Server thread/TRACE] [REI] [REICommonPlugin END] Reloading Section: "reloadable-plugin/ServerDisplayRegistryImpl/DefaultPlugin of DefaultPlugin [roughlyenoughitems]/" done in 4.154 ms
[19:57:37] [Server thread/TRACE] [REI] [REICommonPlugin END] Reloading Section: "reloadable-plugin/ServerDisplayRegistryImpl/FabricFluidAPISupportPlugin/"
[19:57:37] [Server thread/TRACE] [REI] [REICommonPlugin END] Reloading Section: "reloadable-plugin/ServerDisplayRegistryImpl/FabricFluidAPISupportPlugin/" done in 65.90 μs
[19:57:37] [Server thread/TRACE] [REI] [REICommonPlugin END] Reloading Section: "reloadable-plugin/ServerDisplayRegistryImpl/DefaultRuntimePlugin of DefaultRuntimePlugin [roughlyenoughitems]/"
[19:57:37] [Server thread/TRACE] [REI] [REICommonPlugin END] Reloading Section: "reloadable-plugin/ServerDisplayRegistryImpl/DefaultRuntimePlugin of DefaultRuntimePlugin [roughlyenoughitems]/" done in 38.75 μs
[19:57:37] [Server thread/TRACE] [REI] [REICommonPlugin END] Reloading Section: "reloadable-plugin/ServerDisplayRegistryImpl/" done in 4.592 ms
[19:57:37] [Server thread/TRACE] [REI] [REICommonPlugin END] Reloading Section: "reloadable-plugin/FluidSupportProviderImpl/"
[19:57:37] [Server thread/TRACE] [REI] [REICommonPlugin END] Reloading Section: "reloadable-plugin/FluidSupportProviderImpl/DefaultPlugin of DefaultPlugin [roughlyenoughitems]/"
[19:57:37] [Server thread/TRACE] [REI] [REICommonPlugin END] Reloading Section: "reloadable-plugin/FluidSupportProviderImpl/DefaultPlugin of DefaultPlugin [roughlyenoughitems]/" done in 36.94 μs
[19:57:37] [Server thread/TRACE] [REI] [REICommonPlugin END] Reloading Section: "reloadable-plugin/FluidSupportProviderImpl/FabricFluidAPISupportPlugin/"
[19:57:37] [Server thread/TRACE] [REI] [REICommonPlugin END] Reloading Section: "reloadable-plugin/FluidSupportProviderImpl/FabricFluidAPISupportPlugin/" done in 43.84 μs
[19:57:37] [Server thread/TRACE] [REI] [REICommonPlugin END] Reloading Section: "reloadable-plugin/FluidSupportProviderImpl/DefaultRuntimePlugin of DefaultRuntimePlugin [roughlyenoughitems]/"
[19:57:37] [Server thread/TRACE] [REI] [REICommonPlugin END] Reloading Section: "reloadable-plugin/FluidSupportProviderImpl/DefaultRuntimePlugin of DefaultRuntimePlugin [roughlyenoughitems]/" done in 39.62 μs
[19:57:37] [Server thread/TRACE] [REI] [REICommonPlugin END] Reloading Section: "reloadable-plugin/FluidSupportProviderImpl/" done in 340.6 μs
[19:57:37] [Server thread/DEBUG] [REI] ========================================
[19:57:37] [Server thread/DEBUG] [REI] REICommonPlugin ending main-reload for END.
[19:57:37] [Server thread/DEBUG] [REI] ========================================
[19:57:37] [Server thread/TRACE] [REI] [REICommonPlugin END] Reloading Section: "end-reload/"
[19:57:37] [Server thread/TRACE] [REI] [REICommonPlugin END] Reloading Section: "end-reload/SlotAccessorRegistryImpl/"
[19:57:37] [Server thread/DEBUG] [REI] Registered 2 slot accessor serializers
[19:57:37] [Server thread/TRACE] [REI] [REICommonPlugin END] Reloading Section: "end-reload/SlotAccessorRegistryImpl/" done in 86.09 μs
[19:57:37] [Server thread/TRACE] [REI] [REICommonPlugin END] Reloading Section: "end-reload/EntryTypeRegistryImpl/"
[19:57:37] [Server thread/TRACE] [REI] [REICommonPlugin END] Reloading Section: "end-reload/EntryTypeRegistryImpl/" done in 31.57 μs
[19:57:37] [Server thread/TRACE] [REI] [REICommonPlugin END] Reloading Section: "end-reload/EntrySettingsAdapterRegistryImpl/"
[19:57:37] [Server thread/TRACE] [REI] [REICommonPlugin END] Reloading Section: "end-reload/EntrySettingsAdapterRegistryImpl/" done in 30.70 μs
[19:57:37] [Server thread/TRACE] [REI] [REICommonPlugin END] Reloading Section: "end-reload/ItemComparatorRegistryImpl/"
[19:57:37] [Server thread/TRACE] [REI] [REICommonPlugin END] Reloading Section: "end-reload/ItemComparatorRegistryImpl/" done in 31.93 μs
[19:57:37] [Server thread/TRACE] [REI] [REICommonPlugin END] Reloading Section: "end-reload/FluidComparatorRegistryImpl/"
[19:57:37] [Server thread/TRACE] [REI] [REICommonPlugin END] Reloading Section: "end-reload/FluidComparatorRegistryImpl/" done in 28.55 μs
[19:57:37] [Server thread/TRACE] [REI] [REICommonPlugin END] Reloading Section: "end-reload/DisplaySerializerRegistryImpl/"
[19:57:37] [Server thread/TRACE] [REI] [REICommonPlugin END] Reloading Section: "end-reload/DisplaySerializerRegistryImpl/" done in 28.32 μs
[19:57:37] [Server thread/TRACE] [REI] [REICommonPlugin END] Reloading Section: "end-reload/ServerDisplayRegistryImpl/"
[19:57:37] [Server thread/DEBUG] [REI] Found preliminary 0 displays
[19:57:37] [Server thread/DEBUG] [REI] Filled 2955 displays from recipe manager in 84.42 ms
[19:57:37] [Server thread/TRACE] [REI] [REICommonPlugin END] Reloading Section: "end-reload/ServerDisplayRegistryImpl/" done in 84.70 ms
[19:57:37] [Server thread/TRACE] [REI] [REICommonPlugin END] Reloading Section: "end-reload/FluidSupportProviderImpl/"
[19:57:37] [Server thread/TRACE] [REI] [REICommonPlugin END] Reloading Section: "end-reload/FluidSupportProviderImpl/" done in 33.24 μs
[19:57:37] [Server thread/TRACE] [REI] [REICommonPlugin END] Reloading Section: "end-reload/" done in 85.54 ms
[19:57:37] [Server thread/DEBUG] [REI] ========================================
[19:57:37] [Server thread/DEBUG] [REI] REICommonPlugin ended main-reload for END in 102.8 ms.
[19:57:37] [Server thread/DEBUG] [REI] ========================================
[19:57:37] [Server thread/DEBUG] [REI] ========================================
[19:57:37] [Server thread/DEBUG] [REI] REICommonPlugin starting post-reload for END.
[19:57:37] [Server thread/DEBUG] [REI] Reloadables (8):
[19:57:37] [Server thread/DEBUG] [REI]  - SlotAccessorRegistryImpl
[19:57:37] [Server thread/DEBUG] [REI]  - EntryTypeRegistryImpl
[19:57:37] [Server thread/DEBUG] [REI]  - EntrySettingsAdapterRegistryImpl
[19:57:37] [Server thread/DEBUG] [REI]  - ItemComparatorRegistryImpl
[19:57:37] [Server thread/DEBUG] [REI]  - FluidComparatorRegistryImpl
[19:57:37] [Server thread/DEBUG] [REI]  - DisplaySerializerRegistryImpl
[19:57:37] [Server thread/DEBUG] [REI]  - ServerDisplayRegistryImpl
[19:57:37] [Server thread/DEBUG] [REI]  - FluidSupportProviderImpl
[19:57:37] [Server thread/DEBUG] [REI] Plugins (3):
[19:57:37] [Server thread/DEBUG] [REI]  - (-100.00) DefaultPlugin of DefaultPlugin [roughlyenoughitems]
[19:57:37] [Server thread/DEBUG] [REI]  - (0.00) FabricFluidAPISupportPlugin
[19:57:37] [Server thread/DEBUG] [REI]  - (0.00) DefaultRuntimePlugin of DefaultRuntimePlugin [roughlyenoughitems]
[19:57:37] [Server thread/DEBUG] [REI] ========================================
[19:57:37] [Server thread/TRACE] [REI] [REICommonPlugin END] Reloading Section: "post-register/"
[19:57:37] [Server thread/TRACE] [REI] [REICommonPlugin END] Reloading Section: "post-register/DefaultPlugin of DefaultPlugin [roughlyenoughitems]/"
[19:57:37] [Server thread/TRACE] [REI] [REICommonPlugin END] Reloading Section: "post-register/DefaultPlugin of DefaultPlugin [roughlyenoughitems]/" done in 33.64 μs
[19:57:37] [Server thread/TRACE] [REI] [REICommonPlugin END] Reloading Section: "post-register/FabricFluidAPISupportPlugin/"
[19:57:37] [Server thread/TRACE] [REI] [REICommonPlugin END] Reloading Section: "post-register/FabricFluidAPISupportPlugin/" done in 27.96 μs
[19:57:37] [Server thread/TRACE] [REI] [REICommonPlugin END] Reloading Section: "post-register/DefaultRuntimePlugin of DefaultRuntimePlugin [roughlyenoughitems]/"
[19:57:37] [Server thread/TRACE] [REI] [REICommonPlugin END] Reloading Section: "post-register/DefaultRuntimePlugin of DefaultRuntimePlugin [roughlyenoughitems]/" done in 26.96 μs
[19:57:37] [Server thread/TRACE] [REI] [REICommonPlugin END] Reloading Section: "post-register/" done in 285.9 μs
[19:57:37] [Server thread/TRACE] [REI] [REICommonPlugin END] Reloading Section: "post-stage/"
[19:57:37] [Server thread/TRACE] [REI] [REICommonPlugin END] Reloading Section: "post-stage/SlotAccessorRegistryImpl/"
[19:57:37] [Server thread/TRACE] [REI] [REICommonPlugin END] Reloading Section: "post-stage/SlotAccessorRegistryImpl/" done in 23.69 μs
[19:57:37] [Server thread/TRACE] [REI] [REICommonPlugin END] Reloading Section: "post-stage/EntryTypeRegistryImpl/"
[19:57:37] [Server thread/TRACE] [REI] [REICommonPlugin END] Reloading Section: "post-stage/EntryTypeRegistryImpl/" done in 24.21 μs
[19:57:37] [Server thread/TRACE] [REI] [REICommonPlugin END] Reloading Section: "post-stage/EntrySettingsAdapterRegistryImpl/"
[19:57:37] [Server thread/TRACE] [REI] [REICommonPlugin END] Reloading Section: "post-stage/EntrySettingsAdapterRegistryImpl/" done in 23.85 μs
[19:57:37] [Server thread/TRACE] [REI] [REICommonPlugin END] Reloading Section: "post-stage/ItemComparatorRegistryImpl/"
[19:57:37] [Server thread/TRACE] [REI] [REICommonPlugin END] Reloading Section: "post-stage/ItemComparatorRegistryImpl/" done in 23.94 μs
[19:57:37] [Server thread/TRACE] [REI] [REICommonPlugin END] Reloading Section: "post-stage/FluidComparatorRegistryImpl/"
[19:57:37] [Server thread/TRACE] [REI] [REICommonPlugin END] Reloading Section: "post-stage/FluidComparatorRegistryImpl/" done in 22.70 μs
[19:57:37] [Server thread/TRACE] [REI] [REICommonPlugin END] Reloading Section: "post-stage/DisplaySerializerRegistryImpl/"
[19:57:37] [Server thread/TRACE] [REI] [REICommonPlugin END] Reloading Section: "post-stage/DisplaySerializerRegistryImpl/" done in 23.30 μs
[19:57:37] [Server thread/TRACE] [REI] [REICommonPlugin END] Reloading Section: "post-stage/ServerDisplayRegistryImpl/"
[19:57:37] [Server thread/TRACE] [REI] [REICommonPlugin END] Reloading Section: "post-stage/ServerDisplayRegistryImpl/" done in 30.44 μs
[19:57:37] [Server thread/TRACE] [REI] [REICommonPlugin END] Reloading Section: "post-stage/FluidSupportProviderImpl/"
[19:57:37] [Server thread/TRACE] [REI] [REICommonPlugin END] Reloading Section: "post-stage/FluidSupportProviderImpl/" done in 23.74 μs
[19:57:37] [Server thread/TRACE] [REI] [REICommonPlugin END] Reloading Section: "post-stage/" done in 605.7 μs
[19:57:37] [Server thread/DEBUG] [REI] ========================================
[19:57:37] [Server thread/INFO] [REI] REICommonPlugin finished post-reload for END in 982.9 μs, totaling 105.4 ms.
[19:57:37] [Server thread/DEBUG] [REI] ========================================
[19:57:47] [Server thread/DEBUG] [REI] Updating players with new displays version 76322E2800000001 [from 76322E2800000000]
[20:05:59] [Server thread/DEBUG] [REI] Player SrLipord has outdated displays version 0 [latest version: 76322E2800000001]
[20:05:59] [Server thread/DEBUG] [REI] Player SrLipord has outdated displays version 0 [latest version: 76322E2800000001], sending reset packet request.
